[09-Jul-2018 08:17:52 America/Los_Angeles] PHP Notice:  Undefined variable: title in /home/ubuntu/workspace/filestart.php on line 9
[09-Jul-2018 08:30:26 America/Los_Angeles] PHP Notice:  Undefined variable: DefID in /home/ubuntu/workspace/ViewSC.php on line 4
[09-Jul-2018 08:30:26 America/Los_Angeles] PHP Notice:  Undefined index: Search in /home/ubuntu/workspace/ViewSC.php on line 12
[09-Jul-2018 08:30:26 America/Los_Angeles] PHP Notice:  Undefined variable: ItemS in /home/ubuntu/workspace/ViewSC.php on line 157
[09-Jul-2018 08:30:26 America/Los_Angeles] PHP Notice:  Undefined variable: RequirementS in /home/ubuntu/workspace/ViewSC.php on line 168
[09-Jul-2018 08:30:26 America/Los_Angeles] PHP Notice:  Undefined variable: DesignCodeS in /home/ubuntu/workspace/ViewSC.php on line 169
[09-Jul-2018 08:30:26 America/Los_Angeles] PHP Notice:  Undefined variable: DesignSpecS in /home/ubuntu/workspace/ViewSC.php on line 170
[09-Jul-2018 08:30:26 America/Los_Angeles] PHP Notice:  Undefined variable: ContractNoS in /home/ubuntu/workspace/ViewSC.php on line 174
[09-Jul-2018 08:30:26 America/Los_Angeles] PHP Notice:  Undefined variable: ControlNoS in /home/ubuntu/workspace/ViewSC.php on line 188
[09-Jul-2018 08:30:26 America/Los_Angeles] PHP Notice:  Undefined variable: ElementGroupS in /home/ubuntu/workspace/ViewSC.php on line 202
[09-Jul-2018 08:30:26 America/Los_Angeles] PHP Notice:  Undefined variable: ElementGroupS in /home/ubuntu/workspace/ViewSC.php on line 206
[09-Jul-2018 08:30:26 America/Los_Angeles] PHP Notice:  Undefined variable: ElementGroupS in /home/ubuntu/workspace/ViewSC.php on line 206
[09-Jul-2018 08:30:26 America/Los_Angeles] PHP Notice:  Undefined variable: CertElementS in /home/ubuntu/workspace/ViewSC.php on line 216
[09-Jul-2018 08:30:50 America/Los_Angeles] PHP Notice:  A session had already been started - ignoring session_start() in /home/ubuntu/workspace/unauthorised.php on line 4
[09-Jul-2018 08:30:58 America/Los_Angeles] PHP Notice:  Undefined variable: DefID in /home/ubuntu/workspace/ViewSC.php on line 4
[09-Jul-2018 08:30:58 America/Los_Angeles] PHP Notice:  Undefined index: Search in /home/ubuntu/workspace/ViewSC.php on line 12
[09-Jul-2018 08:30:58 America/Los_Angeles] PHP Notice:  Undefined variable: ItemS in /home/ubuntu/workspace/ViewSC.php on line 157
[09-Jul-2018 08:30:58 America/Los_Angeles] PHP Notice:  Undefined variable: RequirementS in /home/ubuntu/workspace/ViewSC.php on line 168
[09-Jul-2018 08:30:58 America/Los_Angeles] PHP Notice:  Undefined variable: DesignCodeS in /home/ubuntu/workspace/ViewSC.php on line 169
[09-Jul-2018 08:30:58 America/Los_Angeles] PHP Notice:  Undefined variable: DesignSpecS in /home/ubuntu/workspace/ViewSC.php on line 170
[09-Jul-2018 08:30:58 America/Los_Angeles] PHP Notice:  Undefined variable: ContractNoS in /home/ubuntu/workspace/ViewSC.php on line 174
[09-Jul-2018 08:30:58 America/Los_Angeles] PHP Notice:  Undefined variable: ControlNoS in /home/ubuntu/workspace/ViewSC.php on line 188
[09-Jul-2018 08:30:58 America/Los_Angeles] PHP Notice:  Undefined variable: ElementGroupS in /home/ubuntu/workspace/ViewSC.php on line 202
[09-Jul-2018 08:30:58 America/Los_Angeles] PHP Notice:  Undefined variable: ElementGroupS in /home/ubuntu/workspace/ViewSC.php on line 206
[09-Jul-2018 08:30:58 America/Los_Angeles] PHP Notice:  Undefined variable: ElementGroupS in /home/ubuntu/workspace/ViewSC.php on line 206
[09-Jul-2018 08:30:58 America/Los_Angeles] PHP Notice:  Undefined variable: CertElementS in /home/ubuntu/workspace/ViewSC.php on line 216
[09-Jul-2018 08:31:42 America/Los_Angeles] PHP Notice:  Undefined variable: DefID in /home/ubuntu/workspace/ViewSC.php on line 4
[09-Jul-2018 08:31:42 America/Los_Angeles] PHP Notice:  Undefined index: Search in /home/ubuntu/workspace/ViewSC.php on line 12
[09-Jul-2018 08:31:42 America/Los_Angeles] PHP Notice:  Undefined variable: ItemS in /home/ubuntu/workspace/ViewSC.php on line 157
[09-Jul-2018 08:31:42 America/Los_Angeles] PHP Notice:  Undefined variable: RequirementS in /home/ubuntu/workspace/ViewSC.php on line 168
[09-Jul-2018 08:31:42 America/Los_Angeles] PHP Notice:  Undefined variable: DesignCodeS in /home/ubuntu/workspace/ViewSC.php on line 169
[09-Jul-2018 08:31:42 America/Los_Angeles] PHP Notice:  Undefined variable: DesignSpecS in /home/ubuntu/workspace/ViewSC.php on line 170
[09-Jul-2018 08:31:42 America/Los_Angeles] PHP Notice:  Undefined variable: ContractNoS in /home/ubuntu/workspace/ViewSC.php on line 174
[09-Jul-2018 08:31:42 America/Los_Angeles] PHP Notice:  Undefined variable: ControlNoS in /home/ubuntu/workspace/ViewSC.php on line 188
[09-Jul-2018 08:31:42 America/Los_Angeles] PHP Notice:  Undefined variable: ElementGroupS in /home/ubuntu/workspace/ViewSC.php on line 202
[09-Jul-2018 08:31:42 America/Los_Angeles] PHP Notice:  Undefined variable: ElementGroupS in /home/ubuntu/workspace/ViewSC.php on line 206
[09-Jul-2018 08:31:42 America/Los_Angeles] PHP Notice:  Undefined variable: ElementGroupS in /home/ubuntu/workspace/ViewSC.php on line 206
[09-Jul-2018 08:31:42 America/Los_Angeles] PHP Notice:  Undefined variable: CertElementS in /home/ubuntu/workspace/ViewSC.php on line 216
[09-Jul-2018 08:40:57 America/Los_Angeles] PHP Notice:  Undefined variable: DefID in /home/ubuntu/workspace/ViewSC.php on line 4
[09-Jul-2018 08:40:57 America/Los_Angeles] PHP Notice:  Undefined variable: ItemS in /home/ubuntu/workspace/ViewSC.php on line 157
[09-Jul-2018 08:40:57 America/Los_Angeles] PHP Notice:  Undefined variable: RequirementS in /home/ubuntu/workspace/ViewSC.php on line 168
[09-Jul-2018 08:40:57 America/Los_Angeles] PHP Notice:  Undefined variable: DesignCodeS in /home/ubuntu/workspace/ViewSC.php on line 169
[09-Jul-2018 08:40:57 America/Los_Angeles] PHP Notice:  Undefined variable: DesignSpecS in /home/ubuntu/workspace/ViewSC.php on line 170
[09-Jul-2018 08:40:57 America/Los_Angeles] PHP Notice:  Undefined variable: ContractNoS in /home/ubuntu/workspace/ViewSC.php on line 174
[09-Jul-2018 08:40:57 America/Los_Angeles] PHP Notice:  Undefined variable: ControlNoS in /home/ubuntu/workspace/ViewSC.php on line 188
[09-Jul-2018 08:40:57 America/Los_Angeles] PHP Notice:  Undefined variable: ElementGroupS in /home/ubuntu/workspace/ViewSC.php on line 202
[09-Jul-2018 08:40:57 America/Los_Angeles] PHP Notice:  Undefined variable: ElementGroupS in /home/ubuntu/workspace/ViewSC.php on line 206
[09-Jul-2018 08:40:57 America/Los_Angeles] PHP Notice:  Undefined variable: ElementGroupS in /home/ubuntu/workspace/ViewSC.php on line 206
[09-Jul-2018 08:40:57 America/Los_Angeles] PHP Notice:  Undefined variable: CertElementS in /home/ubuntu/workspace/ViewSC.php on line 216
[09-Jul-2018 08:46:47 America/Los_Angeles] PHP Notice:  Undefined variable: DefID in /home/ubuntu/workspace/ViewSC.php on line 4
[09-Jul-2018 08:46:47 America/Los_Angeles] PHP Notice:  Undefined variable: ItemS in /home/ubuntu/workspace/ViewSC.php on line 166
[09-Jul-2018 08:46:47 America/Los_Angeles] PHP Notice:  Undefined variable: ItemS in /home/ubuntu/workspace/ViewSC.php on line 170
[09-Jul-2018 08:46:47 America/Los_Angeles] PHP Notice:  Undefined variable: ItemS in /home/ubuntu/workspace/ViewSC.php on line 170
[09-Jul-2018 08:46:47 America/Los_Angeles] PHP Notice:  Undefined variable: ItemS in /home/ubuntu/workspace/ViewSC.php on line 170
[09-Jul-2018 08:46:47 America/Los_Angeles] PHP Notice:  Undefined variable: ItemS in /home/ubuntu/workspace/ViewSC.php on line 170
[09-Jul-2018 08:46:47 America/Los_Angeles] PHP Notice:  Undefined variable: ItemS in /home/ubuntu/workspace/ViewSC.php on line 170
[09-Jul-2018 08:46:47 America/Los_Angeles] PHP Notice:  Undefined variable: ItemS in /home/ubuntu/workspace/ViewSC.php on line 170
[09-Jul-2018 08:46:47 America/Los_Angeles] PHP Notice:  Undefined variable: ItemS in /home/ubuntu/workspace/ViewSC.php on line 170
[09-Jul-2018 08:46:47 America/Los_Angeles] PHP Notice:  Undefined variable: ItemS in /home/ubuntu/workspace/ViewSC.php on line 170
[09-Jul-2018 08:46:47 America/Los_Angeles] PHP Notice:  Undefined variable: ItemS in /home/ubuntu/workspace/ViewSC.php on line 170
[09-Jul-2018 08:46:47 America/Los_Angeles] PHP Notice:  Undefined variable: ItemS in /home/ubuntu/workspace/ViewSC.php on line 170
[09-Jul-2018 08:46:47 America/Los_Angeles] PHP Notice:  Undefined variable: ItemS in /home/ubuntu/workspace/ViewSC.php on line 170
[09-Jul-2018 08:46:47 America/Los_Angeles] PHP Notice:  Undefined variable: ItemS in /home/ubuntu/workspace/ViewSC.php on line 170
[09-Jul-2018 08:46:47 America/Los_Angeles] PHP Notice:  Undefined variable: ItemS in /home/ubuntu/workspace/ViewSC.php on line 170
[09-Jul-2018 08:46:47 America/Los_Angeles] PHP Notice:  Undefined variable: ItemS in /home/ubuntu/workspace/ViewSC.php on line 170
[09-Jul-2018 08:46:47 America/Los_Angeles] PHP Notice:  Undefined variable: ItemS in /home/ubuntu/workspace/ViewSC.php on line 170
[09-Jul-2018 08:46:47 America/Los_Angeles] PHP Notice:  Undefined variable: ItemS in /home/ubuntu/workspace/ViewSC.php on line 170
[09-Jul-2018 08:46:47 America/Los_Angeles] PHP Notice:  Undefined variable: ItemS in /home/ubuntu/workspace/ViewSC.php on line 170
[09-Jul-2018 08:46:47 America/Los_Angeles] PHP Notice:  Undefined variable: ItemS in /home/ubuntu/workspace/ViewSC.php on line 170
[09-Jul-2018 08:46:47 America/Los_Angeles] PHP Notice:  Undefined variable: ItemS in /home/ubuntu/workspace/ViewSC.php on line 170
[09-Jul-2018 08:46:47 America/Los_Angeles] PHP Notice:  Undefined variable: ItemS in /home/ubuntu/workspace/ViewSC.php on line 170
[09-Jul-2018 08:46:47 America/Los_Angeles] PHP Notice:  Undefined variable: ItemS in /home/ubuntu/workspace/ViewSC.php on line 170
[09-Jul-2018 08:46:47 America/Los_Angeles] PHP Notice:  Undefined variable: ItemS in /home/ubuntu/workspace/ViewSC.php on line 170
[09-Jul-2018 08:46:47 America/Los_Angeles] PHP Notice:  Undefined variable: ItemS in /home/ubuntu/workspace/ViewSC.php on line 170
[09-Jul-2018 08:46:47 America/Los_Angeles] PHP Notice:  Undefined variable: ItemS in /home/ubuntu/workspace/ViewSC.php on line 170
[09-Jul-2018 08:46:47 America/Los_Angeles] PHP Notice:  Undefined variable: ItemS in /home/ubuntu/workspace/ViewSC.php on line 170
[09-Jul-2018 08:46:47 America/Los_Angeles] PHP Notice:  Undefined variable: ItemS in /home/ubuntu/workspace/ViewSC.php on line 170
[09-Jul-2018 08:46:47 America/Los_Angeles] PHP Notice:  Undefined variable: ItemS in /home/ubuntu/workspace/ViewSC.php on line 170
[09-Jul-2018 08:46:47 America/Los_Angeles] PHP Notice:  Undefined variable: ItemS in /home/ubuntu/workspace/ViewSC.php on line 170
[09-Jul-2018 08:46:47 America/Los_Angeles] PHP Notice:  Undefined variable: ItemS in /home/ubuntu/workspace/ViewSC.php on line 170
[09-Jul-2018 08:46:47 America/Los_Angeles] PHP Notice:  Undefined variable: ItemS in /home/ubuntu/workspace/ViewSC.php on line 170
[09-Jul-2018 08:46:47 America/Los_Angeles] PHP Notice:  Undefined variable: ItemS in /home/ubuntu/workspace/ViewSC.php on line 170
[09-Jul-2018 08:46:47 America/Los_Angeles] PHP Notice:  Undefined variable: ItemS in /home/ubuntu/workspace/ViewSC.php on line 170
[09-Jul-2018 08:46:47 America/Los_Angeles] PHP Notice:  Undefined variable: ItemS in /home/ubuntu/workspace/ViewSC.php on line 170
[09-Jul-2018 08:46:47 America/Los_Angeles] PHP Notice:  Undefined variable: ItemS in /home/ubuntu/workspace/ViewSC.php on line 170
[09-Jul-2018 08:46:47 America/Los_Angeles] PHP Notice:  Undefined variable: ItemS in /home/ubuntu/workspace/ViewSC.php on line 170
[09-Jul-2018 08:46:47 America/Los_Angeles] PHP Notice:  Undefined variable: ItemS in /home/ubuntu/workspace/ViewSC.php on line 170
[09-Jul-2018 08:46:47 America/Los_Angeles] PHP Notice:  Undefined variable: ItemS in /home/ubuntu/workspace/ViewSC.php on line 170
[09-Jul-2018 08:46:47 America/Los_Angeles] PHP Notice:  Undefined variable: ItemS in /home/ubuntu/workspace/ViewSC.php on line 170
[09-Jul-2018 08:46:47 America/Los_Angeles] PHP Notice:  Undefined variable: ItemS in /home/ubuntu/workspace/ViewSC.php on line 170
[09-Jul-2018 08:46:47 America/Los_Angeles] PHP Notice:  Undefined variable: ItemS in /home/ubuntu/workspace/ViewSC.php on line 170
[09-Jul-2018 08:46:47 America/Los_Angeles] PHP Notice:  Undefined variable: ItemS in /home/ubuntu/workspace/ViewSC.php on line 170
[09-Jul-2018 08:46:47 America/Los_Angeles] PHP Notice:  Undefined variable: ItemS in /home/ubuntu/workspace/ViewSC.php on line 170
[09-Jul-2018 08:46:47 America/Los_Angeles] PHP Notice:  Undefined variable: ItemS in /home/ubuntu/workspace/ViewSC.php on line 170
[09-Jul-2018 08:46:47 America/Los_Angeles] PHP Notice:  Undefined variable: ItemS in /home/ubuntu/workspace/ViewSC.php on line 170
[09-Jul-2018 08:46:47 America/Los_Angeles] PHP Notice:  Undefined variable: ItemS in /home/ubuntu/workspace/ViewSC.php on line 170
[09-Jul-2018 08:46:47 America/Los_Angeles] PHP Notice:  Undefined variable: ItemS in /home/ubuntu/workspace/ViewSC.php on line 170
[09-Jul-2018 08:46:47 America/Los_Angeles] PHP Notice:  Undefined variable: ItemS in /home/ubuntu/workspace/ViewSC.php on line 170
[09-Jul-2018 08:46:47 America/Los_Angeles] PHP Notice:  Undefined variable: ItemS in /home/ubuntu/workspace/ViewSC.php on line 170
[09-Jul-2018 08:46:47 America/Los_Angeles] PHP Notice:  Undefined variable: ItemS in /home/ubuntu/workspace/ViewSC.php on line 170
[09-Jul-2018 08:46:47 America/Los_Angeles] PHP Notice:  Undefined variable: ItemS in /home/ubuntu/workspace/ViewSC.php on line 170
[09-Jul-2018 08:46:47 America/Los_Angeles] PHP Notice:  Undefined variable: ItemS in /home/ubuntu/workspace/ViewSC.php on line 170
[09-Jul-2018 08:46:47 America/Los_Angeles] PHP Notice:  Undefined variable: ItemS in /home/ubuntu/workspace/ViewSC.php on line 170
[09-Jul-2018 08:46:47 America/Los_Angeles] PHP Notice:  Undefined variable: ItemS in /home/ubuntu/workspace/ViewSC.php on line 170
[09-Jul-2018 08:46:47 America/Los_Angeles] PHP Notice:  Undefined variable: ItemS in /home/ubuntu/workspace/ViewSC.php on line 170
[09-Jul-2018 08:46:47 America/Los_Angeles] PHP Notice:  Undefined variable: ItemS in /home/ubuntu/workspace/ViewSC.php on line 170
[09-Jul-2018 08:46:47 America/Los_Angeles] PHP Notice:  Undefined variable: ItemS in /home/ubuntu/workspace/ViewSC.php on line 170
[09-Jul-2018 08:46:47 America/Los_Angeles] PHP Notice:  Undefined variable: ItemS in /home/ubuntu/workspace/ViewSC.php on line 170
[09-Jul-2018 08:46:47 America/Los_Angeles] PHP Notice:  Undefined variable: ItemS in /home/ubuntu/workspace/ViewSC.php on line 170
[09-Jul-2018 08:46:47 America/Los_Angeles] PHP Notice:  Undefined variable: ItemS in /home/ubuntu/workspace/ViewSC.php on line 170
[09-Jul-2018 08:46:47 America/Los_Angeles] PHP Notice:  Undefined variable: ItemS in /home/ubuntu/workspace/ViewSC.php on line 170
[09-Jul-2018 08:46:47 America/Los_Angeles] PHP Notice:  Undefined variable: ItemS in /home/ubuntu/workspace/ViewSC.php on line 170
[09-Jul-2018 08:46:47 America/Los_Angeles] PHP Notice:  Undefined variable: ItemS in /home/ubuntu/workspace/ViewSC.php on line 170
[09-Jul-2018 08:46:47 America/Los_Angeles] PHP Notice:  Undefined variable: ItemS in /home/ubuntu/workspace/ViewSC.php on line 170
[09-Jul-2018 08:46:47 America/Los_Angeles] PHP Notice:  Undefined variable: ItemS in /home/ubuntu/workspace/ViewSC.php on line 170
[09-Jul-2018 08:46:47 America/Los_Angeles] PHP Notice:  Undefined variable: ItemS in /home/ubuntu/workspace/ViewSC.php on line 170
[09-Jul-2018 08:46:47 America/Los_Angeles] PHP Notice:  Undefined variable: ItemS in /home/ubuntu/workspace/ViewSC.php on line 170
[09-Jul-2018 08:46:47 America/Los_Angeles] PHP Notice:  Undefined variable: ItemS in /home/ubuntu/workspace/ViewSC.php on line 170
[09-Jul-2018 08:46:47 America/Los_Angeles] PHP Notice:  Undefined variable: ItemS in /home/ubuntu/workspace/ViewSC.php on line 170
[09-Jul-2018 08:46:47 America/Los_Angeles] PHP Notice:  Undefined variable: ItemS in /home/ubuntu/workspace/ViewSC.php on line 170
[09-Jul-2018 08:46:47 America/Los_Angeles] PHP Notice:  Undefined variable: ItemS in /home/ubuntu/workspace/ViewSC.php on line 170
[09-Jul-2018 08:46:47 America/Los_Angeles] PHP Notice:  Undefined variable: ItemS in /home/ubuntu/workspace/ViewSC.php on line 170
[09-Jul-2018 08:46:47 America/Los_Angeles] PHP Notice:  Undefined variable: ItemS in /home/ubuntu/workspace/ViewSC.php on line 170
[09-Jul-2018 08:46:47 America/Los_Angeles] PHP Notice:  Undefined variable: ItemS in /home/ubuntu/workspace/ViewSC.php on line 170
[09-Jul-2018 08:46:47 America/Los_Angeles] PHP Notice:  Undefined variable: ItemS in /home/ubuntu/workspace/ViewSC.php on line 170
[09-Jul-2018 08:46:47 America/Los_Angeles] PHP Notice:  Undefined variable: ItemS in /home/ubuntu/workspace/ViewSC.php on line 170
[09-Jul-2018 08:46:47 America/Los_Angeles] PHP Notice:  Undefined variable: ItemS in /home/ubuntu/workspace/ViewSC.php on line 170
[09-Jul-2018 08:46:47 America/Los_Angeles] PHP Notice:  Undefined variable: ItemS in /home/ubuntu/workspace/ViewSC.php on line 170
[09-Jul-2018 08:46:47 America/Los_Angeles] PHP Notice:  Undefined variable: ItemS in /home/ubuntu/workspace/ViewSC.php on line 170
[09-Jul-2018 08:46:47 America/Los_Angeles] PHP Notice:  Undefined variable: ItemS in /home/ubuntu/workspace/ViewSC.php on line 170
[09-Jul-2018 08:46:47 America/Los_Angeles] PHP Notice:  Undefined variable: ItemS in /home/ubuntu/workspace/ViewSC.php on line 170
[09-Jul-2018 08:46:47 America/Los_Angeles] PHP Notice:  Undefined variable: ItemS in /home/ubuntu/workspace/ViewSC.php on line 170
[09-Jul-2018 08:46:47 America/Los_Angeles] PHP Notice:  Undefined variable: ItemS in /home/ubuntu/workspace/ViewSC.php on line 170
[09-Jul-2018 08:46:47 America/Los_Angeles] PHP Notice:  Undefined variable: ItemS in /home/ubuntu/workspace/ViewSC.php on line 170
[09-Jul-2018 08:46:47 America/Los_Angeles] PHP Notice:  Undefined variable: ItemS in /home/ubuntu/workspace/ViewSC.php on line 170
[09-Jul-2018 08:46:47 America/Los_Angeles] PHP Notice:  Undefined variable: ItemS in /home/ubuntu/workspace/ViewSC.php on line 170
[09-Jul-2018 08:46:47 America/Los_Angeles] PHP Notice:  Undefined variable: ItemS in /home/ubuntu/workspace/ViewSC.php on line 170
[09-Jul-2018 08:46:47 America/Los_Angeles] PHP Notice:  Undefined variable: ItemS in /home/ubuntu/workspace/ViewSC.php on line 170
[09-Jul-2018 08:46:47 America/Los_Angeles] PHP Notice:  Undefined variable: ItemS in /home/ubuntu/workspace/ViewSC.php on line 170
[09-Jul-2018 08:46:47 America/Los_Angeles] PHP Notice:  Undefined variable: ItemS in /home/ubuntu/workspace/ViewSC.php on line 170
[09-Jul-2018 08:46:47 America/Los_Angeles] PHP Notice:  Undefined variable: ItemS in /home/ubuntu/workspace/ViewSC.php on line 170
[09-Jul-2018 08:46:47 America/Los_Angeles] PHP Notice:  Undefined variable: ItemS in /home/ubuntu/workspace/ViewSC.php on line 170
[09-Jul-2018 08:46:47 America/Los_Angeles] PHP Notice:  Undefined variable: ItemS in /home/ubuntu/workspace/ViewSC.php on line 170
[09-Jul-2018 08:46:47 America/Los_Angeles] PHP Notice:  Undefined variable: ItemS in /home/ubuntu/workspace/ViewSC.php on line 170
[09-Jul-2018 08:46:47 America/Los_Angeles] PHP Notice:  Undefined variable: ItemS in /home/ubuntu/workspace/ViewSC.php on line 170
[09-Jul-2018 08:46:47 America/Los_Angeles] PHP Notice:  Undefined variable: ItemS in /home/ubuntu/workspace/ViewSC.php on line 170
[09-Jul-2018 08:46:47 America/Los_Angeles] PHP Notice:  Undefined variable: ItemS in /home/ubuntu/workspace/ViewSC.php on line 170
[09-Jul-2018 08:46:47 America/Los_Angeles] PHP Notice:  Undefined variable: ItemS in /home/ubuntu/workspace/ViewSC.php on line 170
[09-Jul-2018 08:46:47 America/Los_Angeles] PHP Notice:  Undefined variable: ItemS in /home/ubuntu/workspace/ViewSC.php on line 170
[09-Jul-2018 08:46:47 America/Los_Angeles] PHP Notice:  Undefined variable: ItemS in /home/ubuntu/workspace/ViewSC.php on line 170
[09-Jul-2018 08:46:47 America/Los_Angeles] PHP Notice:  Undefined variable: ItemS in /home/ubuntu/workspace/ViewSC.php on line 170
[09-Jul-2018 08:46:47 America/Los_Angeles] PHP Notice:  Undefined variable: ItemS in /home/ubuntu/workspace/ViewSC.php on line 170
[09-Jul-2018 08:46:47 America/Los_Angeles] PHP Notice:  Undefined variable: ItemS in /home/ubuntu/workspace/ViewSC.php on line 170
[09-Jul-2018 08:46:47 America/Los_Angeles] PHP Notice:  Undefined variable: ItemS in /home/ubuntu/workspace/ViewSC.php on line 170
[09-Jul-2018 08:46:47 America/Los_Angeles] PHP Notice:  Undefined variable: ItemS in /home/ubuntu/workspace/ViewSC.php on line 170
[09-Jul-2018 08:46:47 America/Los_Angeles] PHP Notice:  Undefined variable: ItemS in /home/ubuntu/workspace/ViewSC.php on line 170
[09-Jul-2018 08:46:47 America/Los_Angeles] PHP Notice:  Undefined variable: ItemS in /home/ubuntu/workspace/ViewSC.php on line 170
[09-Jul-2018 08:46:47 America/Los_Angeles] PHP Notice:  Undefined variable: ItemS in /home/ubuntu/workspace/ViewSC.php on line 170
[09-Jul-2018 08:46:47 America/Los_Angeles] PHP Notice:  Undefined variable: ItemS in /home/ubuntu/workspace/ViewSC.php on line 170
[09-Jul-2018 08:46:47 America/Los_Angeles] PHP Notice:  Undefined variable: ItemS in /home/ubuntu/workspace/ViewSC.php on line 170
[09-Jul-2018 08:46:47 America/Los_Angeles] PHP Notice:  Undefined variable: ItemS in /home/ubuntu/workspace/ViewSC.php on line 170
[09-Jul-2018 08:46:47 America/Los_Angeles] PHP Notice:  Undefined variable: ItemS in /home/ubuntu/workspace/ViewSC.php on line 170
[09-Jul-2018 08:46:47 America/Los_Angeles] PHP Notice:  Undefined variable: ItemS in /home/ubuntu/workspace/ViewSC.php on line 170
[09-Jul-2018 08:46:47 America/Los_Angeles] PHP Notice:  Undefined variable: ItemS in /home/ubuntu/workspace/ViewSC.php on line 170
[09-Jul-2018 08:46:47 America/Los_Angeles] PHP Notice:  Undefined variable: ItemS in /home/ubuntu/workspace/ViewSC.php on line 170
[09-Jul-2018 08:46:47 America/Los_Angeles] PHP Notice:  Undefined variable: ItemS in /home/ubuntu/workspace/ViewSC.php on line 170
[09-Jul-2018 08:46:47 America/Los_Angeles] PHP Notice:  Undefined variable: ItemS in /home/ubuntu/workspace/ViewSC.php on line 170
[09-Jul-2018 08:46:47 America/Los_Angeles] PHP Notice:  Undefined variable: ItemS in /home/ubuntu/workspace/ViewSC.php on line 170
[09-Jul-2018 08:46:47 America/Los_Angeles] PHP Notice:  Undefined variable: ItemS in /home/ubuntu/workspace/ViewSC.php on line 170
[09-Jul-2018 08:46:47 America/Los_Angeles] PHP Notice:  Undefined variable: ItemS in /home/ubuntu/workspace/ViewSC.php on line 170
[09-Jul-2018 08:46:47 America/Los_Angeles] PHP Notice:  Undefined variable: ItemS in /home/ubuntu/workspace/ViewSC.php on line 170
[09-Jul-2018 08:46:47 America/Los_Angeles] PHP Notice:  Undefined variable: ItemS in /home/ubuntu/workspace/ViewSC.php on line 170
[09-Jul-2018 08:46:47 America/Los_Angeles] PHP Notice:  Undefined variable: ItemS in /home/ubuntu/workspace/ViewSC.php on line 170
[09-Jul-2018 08:46:47 America/Los_Angeles] PHP Notice:  Undefined variable: ItemS in /home/ubuntu/workspace/ViewSC.php on line 170
[09-Jul-2018 08:46:47 America/Los_Angeles] PHP Notice:  Undefined variable: ItemS in /home/ubuntu/workspace/ViewSC.php on line 170
[09-Jul-2018 08:46:47 America/Los_Angeles] PHP Notice:  Undefined variable: ItemS in /home/ubuntu/workspace/ViewSC.php on line 170
[09-Jul-2018 08:46:47 America/Los_Angeles] PHP Notice:  Undefined variable: ItemS in /home/ubuntu/workspace/ViewSC.php on line 170
[09-Jul-2018 08:46:47 America/Los_Angeles] PHP Notice:  Undefined variable: ItemS in /home/ubuntu/workspace/ViewSC.php on line 170
[09-Jul-2018 08:46:47 America/Los_Angeles] PHP Notice:  Undefined variable: ItemS in /home/ubuntu/workspace/ViewSC.php on line 170
[09-Jul-2018 08:46:47 America/Los_Angeles] PHP Notice:  Undefined variable: ItemS in /home/ubuntu/workspace/ViewSC.php on line 170
[09-Jul-2018 08:46:47 America/Los_Angeles] PHP Notice:  Undefined variable: ItemS in /home/ubuntu/workspace/ViewSC.php on line 170
[09-Jul-2018 08:46:47 America/Los_Angeles] PHP Notice:  Undefined variable: ItemS in /home/ubuntu/workspace/ViewSC.php on line 170
[09-Jul-2018 08:46:47 America/Los_Angeles] PHP Notice:  Undefined variable: ItemS in /home/ubuntu/workspace/ViewSC.php on line 170
[09-Jul-2018 08:46:47 America/Los_Angeles] PHP Notice:  Undefined variable: ItemS in /home/ubuntu/workspace/ViewSC.php on line 170
[09-Jul-2018 08:46:47 America/Los_Angeles] PHP Notice:  Undefined variable: ItemS in /home/ubuntu/workspace/ViewSC.php on line 170
[09-Jul-2018 08:46:47 America/Los_Angeles] PHP Notice:  Undefined variable: ItemS in /home/ubuntu/workspace/ViewSC.php on line 170
[09-Jul-2018 08:46:47 America/Los_Angeles] PHP Notice:  Undefined variable: ItemS in /home/ubuntu/workspace/ViewSC.php on line 170
[09-Jul-2018 08:46:47 America/Los_Angeles] PHP Notice:  Undefined variable: ItemS in /home/ubuntu/workspace/ViewSC.php on line 170
[09-Jul-2018 08:46:47 America/Los_Angeles] PHP Notice:  Undefined variable: ItemS in /home/ubuntu/workspace/ViewSC.php on line 170
[09-Jul-2018 08:46:47 America/Los_Angeles] PHP Notice:  Undefined variable: ItemS in /home/ubuntu/workspace/ViewSC.php on line 170
[09-Jul-2018 08:46:47 America/Los_Angeles] PHP Notice:  Undefined variable: ItemS in /home/ubuntu/workspace/ViewSC.php on line 170
[09-Jul-2018 08:46:47 America/Los_Angeles] PHP Notice:  Undefined variable: ItemS in /home/ubuntu/workspace/ViewSC.php on line 170
[09-Jul-2018 08:46:47 America/Los_Angeles] PHP Notice:  Undefined variable: RequirementS in /home/ubuntu/workspace/ViewSC.php on line 177
[09-Jul-2018 08:46:47 America/Los_Angeles] PHP Notice:  Undefined variable: DesignCodeS in /home/ubuntu/workspace/ViewSC.php on line 178
[09-Jul-2018 08:46:47 America/Los_Angeles] PHP Notice:  Undefined variable: DesignSpecS in /home/ubuntu/workspace/ViewSC.php on line 179
[09-Jul-2018 08:46:47 America/Los_Angeles] PHP Notice:  Undefined variable: ContractNoS in /home/ubuntu/workspace/ViewSC.php on line 183
[09-Jul-2018 08:46:47 America/Los_Angeles] PHP Notice:  Undefined variable: ControlNoS in /home/ubuntu/workspace/ViewSC.php on line 197
[09-Jul-2018 08:46:47 America/Los_Angeles] PHP Notice:  Undefined variable: ElementGroupS in /home/ubuntu/workspace/ViewSC.php on line 211
[09-Jul-2018 08:46:47 America/Los_Angeles] PHP Notice:  Undefined variable: ElementGroupS in /home/ubuntu/workspace/ViewSC.php on line 215
[09-Jul-2018 08:46:47 America/Los_Angeles] PHP Notice:  Undefined variable: ElementGroupS in /home/ubuntu/workspace/ViewSC.php on line 215
[09-Jul-2018 08:46:47 America/Los_Angeles] PHP Notice:  Undefined variable: CertElementS in /home/ubuntu/workspace/ViewSC.php on line 225
[09-Jul-2018 08:46:59 America/Los_Angeles] PHP Notice:  Undefined variable: DefID in /home/ubuntu/workspace/ViewSC.php on line 4
[09-Jul-2018 08:46:59 America/Los_Angeles] PHP Notice:  Undefined variable: ItemS in /home/ubuntu/workspace/ViewSC.php on line 166
[09-Jul-2018 08:46:59 America/Los_Angeles] PHP Notice:  Undefined variable: ItemS in /home/ubuntu/workspace/ViewSC.php on line 170
[09-Jul-2018 08:46:59 America/Los_Angeles] PHP Notice:  Undefined variable: ItemS in /home/ubuntu/workspace/ViewSC.php on line 170
[09-Jul-2018 08:46:59 America/Los_Angeles] PHP Notice:  Undefined variable: ItemS in /home/ubuntu/workspace/ViewSC.php on line 170
[09-Jul-2018 08:46:59 America/Los_Angeles] PHP Notice:  Undefined variable: ItemS in /home/ubuntu/workspace/ViewSC.php on line 170
[09-Jul-2018 08:46:59 America/Los_Angeles] PHP Notice:  Undefined variable: ItemS in /home/ubuntu/workspace/ViewSC.php on line 170
[09-Jul-2018 08:46:59 America/Los_Angeles] PHP Notice:  Undefined variable: ItemS in /home/ubuntu/workspace/ViewSC.php on line 170
[09-Jul-2018 08:46:59 America/Los_Angeles] PHP Notice:  Undefined variable: ItemS in /home/ubuntu/workspace/ViewSC.php on line 170
[09-Jul-2018 08:46:59 America/Los_Angeles] PHP Notice:  Undefined variable: ItemS in /home/ubuntu/workspace/ViewSC.php on line 170
[09-Jul-2018 08:46:59 America/Los_Angeles] PHP Notice:  Undefined variable: ItemS in /home/ubuntu/workspace/ViewSC.php on line 170
[09-Jul-2018 08:46:59 America/Los_Angeles] PHP Notice:  Undefined variable: ItemS in /home/ubuntu/workspace/ViewSC.php on line 170
[09-Jul-2018 08:46:59 America/Los_Angeles] PHP Notice:  Undefined variable: ItemS in /home/ubuntu/workspace/ViewSC.php on line 170
[09-Jul-2018 08:46:59 America/Los_Angeles] PHP Notice:  Undefined variable: ItemS in /home/ubuntu/workspace/ViewSC.php on line 170
[09-Jul-2018 08:46:59 America/Los_Angeles] PHP Notice:  Undefined variable: ItemS in /home/ubuntu/workspace/ViewSC.php on line 170
[09-Jul-2018 08:46:59 America/Los_Angeles] PHP Notice:  Undefined variable: ItemS in /home/ubuntu/workspace/ViewSC.php on line 170
[09-Jul-2018 08:46:59 America/Los_Angeles] PHP Notice:  Undefined variable: ItemS in /home/ubuntu/workspace/ViewSC.php on line 170
[09-Jul-2018 08:46:59 America/Los_Angeles] PHP Notice:  Undefined variable: ItemS in /home/ubuntu/workspace/ViewSC.php on line 170
[09-Jul-2018 08:46:59 America/Los_Angeles] PHP Notice:  Undefined variable: ItemS in /home/ubuntu/workspace/ViewSC.php on line 170
[09-Jul-2018 08:46:59 America/Los_Angeles] PHP Notice:  Undefined variable: ItemS in /home/ubuntu/workspace/ViewSC.php on line 170
[09-Jul-2018 08:46:59 America/Los_Angeles] PHP Notice:  Undefined variable: ItemS in /home/ubuntu/workspace/ViewSC.php on line 170
[09-Jul-2018 08:46:59 America/Los_Angeles] PHP Notice:  Undefined variable: ItemS in /home/ubuntu/workspace/ViewSC.php on line 170
[09-Jul-2018 08:46:59 America/Los_Angeles] PHP Notice:  Undefined variable: ItemS in /home/ubuntu/workspace/ViewSC.php on line 170
[09-Jul-2018 08:46:59 America/Los_Angeles] PHP Notice:  Undefined variable: ItemS in /home/ubuntu/workspace/ViewSC.php on line 170
[09-Jul-2018 08:46:59 America/Los_Angeles] PHP Notice:  Undefined variable: ItemS in /home/ubuntu/workspace/ViewSC.php on line 170
[09-Jul-2018 08:46:59 America/Los_Angeles] PHP Notice:  Undefined variable: ItemS in /home/ubuntu/workspace/ViewSC.php on line 170
[09-Jul-2018 08:46:59 America/Los_Angeles] PHP Notice:  Undefined variable: ItemS in /home/ubuntu/workspace/ViewSC.php on line 170
[09-Jul-2018 08:46:59 America/Los_Angeles] PHP Notice:  Undefined variable: ItemS in /home/ubuntu/workspace/ViewSC.php on line 170
[09-Jul-2018 08:46:59 America/Los_Angeles] PHP Notice:  Undefined variable: ItemS in /home/ubuntu/workspace/ViewSC.php on line 170
[09-Jul-2018 08:46:59 America/Los_Angeles] PHP Notice:  Undefined variable: ItemS in /home/ubuntu/workspace/ViewSC.php on line 170
[09-Jul-2018 08:46:59 America/Los_Angeles] PHP Notice:  Undefined variable: ItemS in /home/ubuntu/workspace/ViewSC.php on line 170
[09-Jul-2018 08:46:59 America/Los_Angeles] PHP Notice:  Undefined variable: ItemS in /home/ubuntu/workspace/ViewSC.php on line 170
[09-Jul-2018 08:46:59 America/Los_Angeles] PHP Notice:  Undefined variable: ItemS in /home/ubuntu/workspace/ViewSC.php on line 170
[09-Jul-2018 08:46:59 America/Los_Angeles] PHP Notice:  Undefined variable: ItemS in /home/ubuntu/workspace/ViewSC.php on line 170
[09-Jul-2018 08:46:59 America/Los_Angeles] PHP Notice:  Undefined variable: ItemS in /home/ubuntu/workspace/ViewSC.php on line 170
[09-Jul-2018 08:46:59 America/Los_Angeles] PHP Notice:  Undefined variable: ItemS in /home/ubuntu/workspace/ViewSC.php on line 170
[09-Jul-2018 08:46:59 America/Los_Angeles] PHP Notice:  Undefined variable: ItemS in /home/ubuntu/workspace/ViewSC.php on line 170
[09-Jul-2018 08:46:59 America/Los_Angeles] PHP Notice:  Undefined variable: ItemS in /home/ubuntu/workspace/ViewSC.php on line 170
[09-Jul-2018 08:46:59 America/Los_Angeles] PHP Notice:  Undefined variable: ItemS in /home/ubuntu/workspace/ViewSC.php on line 170
[09-Jul-2018 08:46:59 America/Los_Angeles] PHP Notice:  Undefined variable: ItemS in /home/ubuntu/workspace/ViewSC.php on line 170
[09-Jul-2018 08:46:59 America/Los_Angeles] PHP Notice:  Undefined variable: ItemS in /home/ubuntu/workspace/ViewSC.php on line 170
[09-Jul-2018 08:46:59 America/Los_Angeles] PHP Notice:  Undefined variable: ItemS in /home/ubuntu/workspace/ViewSC.php on line 170
[09-Jul-2018 08:46:59 America/Los_Angeles] PHP Notice:  Undefined variable: ItemS in /home/ubuntu/workspace/ViewSC.php on line 170
[09-Jul-2018 08:46:59 America/Los_Angeles] PHP Notice:  Undefined variable: ItemS in /home/ubuntu/workspace/ViewSC.php on line 170
[09-Jul-2018 08:46:59 America/Los_Angeles] PHP Notice:  Undefined variable: ItemS in /home/ubuntu/workspace/ViewSC.php on line 170
[09-Jul-2018 08:46:59 America/Los_Angeles] PHP Notice:  Undefined variable: ItemS in /home/ubuntu/workspace/ViewSC.php on line 170
[09-Jul-2018 08:46:59 America/Los_Angeles] PHP Notice:  Undefined variable: ItemS in /home/ubuntu/workspace/ViewSC.php on line 170
[09-Jul-2018 08:46:59 America/Los_Angeles] PHP Notice:  Undefined variable: ItemS in /home/ubuntu/workspace/ViewSC.php on line 170
[09-Jul-2018 08:46:59 America/Los_Angeles] PHP Notice:  Undefined variable: ItemS in /home/ubuntu/workspace/ViewSC.php on line 170
[09-Jul-2018 08:46:59 America/Los_Angeles] PHP Notice:  Undefined variable: ItemS in /home/ubuntu/workspace/ViewSC.php on line 170
[09-Jul-2018 08:46:59 America/Los_Angeles] PHP Notice:  Undefined variable: ItemS in /home/ubuntu/workspace/ViewSC.php on line 170
[09-Jul-2018 08:46:59 America/Los_Angeles] PHP Notice:  Undefined variable: ItemS in /home/ubuntu/workspace/ViewSC.php on line 170
[09-Jul-2018 08:46:59 America/Los_Angeles] PHP Notice:  Undefined variable: ItemS in /home/ubuntu/workspace/ViewSC.php on line 170
[09-Jul-2018 08:46:59 America/Los_Angeles] PHP Notice:  Undefined variable: ItemS in /home/ubuntu/workspace/ViewSC.php on line 170
[09-Jul-2018 08:46:59 America/Los_Angeles] PHP Notice:  Undefined variable: ItemS in /home/ubuntu/workspace/ViewSC.php on line 170
[09-Jul-2018 08:46:59 America/Los_Angeles] PHP Notice:  Undefined variable: ItemS in /home/ubuntu/workspace/ViewSC.php on line 170
[09-Jul-2018 08:46:59 America/Los_Angeles] PHP Notice:  Undefined variable: ItemS in /home/ubuntu/workspace/ViewSC.php on line 170
[09-Jul-2018 08:46:59 America/Los_Angeles] PHP Notice:  Undefined variable: ItemS in /home/ubuntu/workspace/ViewSC.php on line 170
[09-Jul-2018 08:46:59 America/Los_Angeles] PHP Notice:  Undefined variable: ItemS in /home/ubuntu/workspace/ViewSC.php on line 170
[09-Jul-2018 08:46:59 America/Los_Angeles] PHP Notice:  Undefined variable: ItemS in /home/ubuntu/workspace/ViewSC.php on line 170
[09-Jul-2018 08:46:59 America/Los_Angeles] PHP Notice:  Undefined variable: ItemS in /home/ubuntu/workspace/ViewSC.php on line 170
[09-Jul-2018 08:46:59 America/Los_Angeles] PHP Notice:  Undefined variable: ItemS in /home/ubuntu/workspace/ViewSC.php on line 170
[09-Jul-2018 08:46:59 America/Los_Angeles] PHP Notice:  Undefined variable: ItemS in /home/ubuntu/workspace/ViewSC.php on line 170
[09-Jul-2018 08:46:59 America/Los_Angeles] PHP Notice:  Undefined variable: ItemS in /home/ubuntu/workspace/ViewSC.php on line 170
[09-Jul-2018 08:46:59 America/Los_Angeles] PHP Notice:  Undefined variable: ItemS in /home/ubuntu/workspace/ViewSC.php on line 170
[09-Jul-2018 08:46:59 America/Los_Angeles] PHP Notice:  Undefined variable: ItemS in /home/ubuntu/workspace/ViewSC.php on line 170
[09-Jul-2018 08:46:59 America/Los_Angeles] PHP Notice:  Undefined variable: ItemS in /home/ubuntu/workspace/ViewSC.php on line 170
[09-Jul-2018 08:46:59 America/Los_Angeles] PHP Notice:  Undefined variable: ItemS in /home/ubuntu/workspace/ViewSC.php on line 170
[09-Jul-2018 08:46:59 America/Los_Angeles] PHP Notice:  Undefined variable: ItemS in /home/ubuntu/workspace/ViewSC.php on line 170
[09-Jul-2018 08:46:59 America/Los_Angeles] PHP Notice:  Undefined variable: ItemS in /home/ubuntu/workspace/ViewSC.php on line 170
[09-Jul-2018 08:46:59 America/Los_Angeles] PHP Notice:  Undefined variable: ItemS in /home/ubuntu/workspace/ViewSC.php on line 170
[09-Jul-2018 08:46:59 America/Los_Angeles] PHP Notice:  Undefined variable: ItemS in /home/ubuntu/workspace/ViewSC.php on line 170
[09-Jul-2018 08:46:59 America/Los_Angeles] PHP Notice:  Undefined variable: ItemS in /home/ubuntu/workspace/ViewSC.php on line 170
[09-Jul-2018 08:46:59 America/Los_Angeles] PHP Notice:  Undefined variable: ItemS in /home/ubuntu/workspace/ViewSC.php on line 170
[09-Jul-2018 08:46:59 America/Los_Angeles] PHP Notice:  Undefined variable: ItemS in /home/ubuntu/workspace/ViewSC.php on line 170
[09-Jul-2018 08:46:59 America/Los_Angeles] PHP Notice:  Undefined variable: ItemS in /home/ubuntu/workspace/ViewSC.php on line 170
[09-Jul-2018 08:46:59 America/Los_Angeles] PHP Notice:  Undefined variable: ItemS in /home/ubuntu/workspace/ViewSC.php on line 170
[09-Jul-2018 08:46:59 America/Los_Angeles] PHP Notice:  Undefined variable: ItemS in /home/ubuntu/workspace/ViewSC.php on line 170
[09-Jul-2018 08:46:59 America/Los_Angeles] PHP Notice:  Undefined variable: ItemS in /home/ubuntu/workspace/ViewSC.php on line 170
[09-Jul-2018 08:46:59 America/Los_Angeles] PHP Notice:  Undefined variable: ItemS in /home/ubuntu/workspace/ViewSC.php on line 170
[09-Jul-2018 08:46:59 America/Los_Angeles] PHP Notice:  Undefined variable: ItemS in /home/ubuntu/workspace/ViewSC.php on line 170
[09-Jul-2018 08:46:59 America/Los_Angeles] PHP Notice:  Undefined variable: ItemS in /home/ubuntu/workspace/ViewSC.php on line 170
[09-Jul-2018 08:46:59 America/Los_Angeles] PHP Notice:  Undefined variable: ItemS in /home/ubuntu/workspace/ViewSC.php on line 170
[09-Jul-2018 08:46:59 America/Los_Angeles] PHP Notice:  Undefined variable: ItemS in /home/ubuntu/workspace/ViewSC.php on line 170
[09-Jul-2018 08:46:59 America/Los_Angeles] PHP Notice:  Undefined variable: ItemS in /home/ubuntu/workspace/ViewSC.php on line 170
[09-Jul-2018 08:46:59 America/Los_Angeles] PHP Notice:  Undefined variable: ItemS in /home/ubuntu/workspace/ViewSC.php on line 170
[09-Jul-2018 08:46:59 America/Los_Angeles] PHP Notice:  Undefined variable: ItemS in /home/ubuntu/workspace/ViewSC.php on line 170
[09-Jul-2018 08:46:59 America/Los_Angeles] PHP Notice:  Undefined variable: ItemS in /home/ubuntu/workspace/ViewSC.php on line 170
[09-Jul-2018 08:46:59 America/Los_Angeles] PHP Notice:  Undefined variable: ItemS in /home/ubuntu/workspace/ViewSC.php on line 170
[09-Jul-2018 08:46:59 America/Los_Angeles] PHP Notice:  Undefined variable: ItemS in /home/ubuntu/workspace/ViewSC.php on line 170
[09-Jul-2018 08:46:59 America/Los_Angeles] PHP Notice:  Undefined variable: ItemS in /home/ubuntu/workspace/ViewSC.php on line 170
[09-Jul-2018 08:46:59 America/Los_Angeles] PHP Notice:  Undefined variable: ItemS in /home/ubuntu/workspace/ViewSC.php on line 170
[09-Jul-2018 08:46:59 America/Los_Angeles] PHP Notice:  Undefined variable: ItemS in /home/ubuntu/workspace/ViewSC.php on line 170
[09-Jul-2018 08:46:59 America/Los_Angeles] PHP Notice:  Undefined variable: ItemS in /home/ubuntu/workspace/ViewSC.php on line 170
[09-Jul-2018 08:46:59 America/Los_Angeles] PHP Notice:  Undefined variable: ItemS in /home/ubuntu/workspace/ViewSC.php on line 170
[09-Jul-2018 08:46:59 America/Los_Angeles] PHP Notice:  Undefined variable: ItemS in /home/ubuntu/workspace/ViewSC.php on line 170
[09-Jul-2018 08:46:59 America/Los_Angeles] PHP Notice:  Undefined variable: ItemS in /home/ubuntu/workspace/ViewSC.php on line 170
[09-Jul-2018 08:46:59 America/Los_Angeles] PHP Notice:  Undefined variable: ItemS in /home/ubuntu/workspace/ViewSC.php on line 170
[09-Jul-2018 08:46:59 America/Los_Angeles] PHP Notice:  Undefined variable: ItemS in /home/ubuntu/workspace/ViewSC.php on line 170
[09-Jul-2018 08:46:59 America/Los_Angeles] PHP Notice:  Undefined variable: ItemS in /home/ubuntu/workspace/ViewSC.php on line 170
[09-Jul-2018 08:46:59 America/Los_Angeles] PHP Notice:  Undefined variable: ItemS in /home/ubuntu/workspace/ViewSC.php on line 170
[09-Jul-2018 08:46:59 America/Los_Angeles] PHP Notice:  Undefined variable: ItemS in /home/ubuntu/workspace/ViewSC.php on line 170
[09-Jul-2018 08:46:59 America/Los_Angeles] PHP Notice:  Undefined variable: ItemS in /home/ubuntu/workspace/ViewSC.php on line 170
[09-Jul-2018 08:46:59 America/Los_Angeles] PHP Notice:  Undefined variable: ItemS in /home/ubuntu/workspace/ViewSC.php on line 170
[09-Jul-2018 08:46:59 America/Los_Angeles] PHP Notice:  Undefined variable: ItemS in /home/ubuntu/workspace/ViewSC.php on line 170
[09-Jul-2018 08:46:59 America/Los_Angeles] PHP Notice:  Undefined variable: ItemS in /home/ubuntu/workspace/ViewSC.php on line 170
[09-Jul-2018 08:46:59 America/Los_Angeles] PHP Notice:  Undefined variable: ItemS in /home/ubuntu/workspace/ViewSC.php on line 170
[09-Jul-2018 08:46:59 America/Los_Angeles] PHP Notice:  Undefined variable: ItemS in /home/ubuntu/workspace/ViewSC.php on line 170
[09-Jul-2018 08:46:59 America/Los_Angeles] PHP Notice:  Undefined variable: ItemS in /home/ubuntu/workspace/ViewSC.php on line 170
[09-Jul-2018 08:46:59 America/Los_Angeles] PHP Notice:  Undefined variable: ItemS in /home/ubuntu/workspace/ViewSC.php on line 170
[09-Jul-2018 08:46:59 America/Los_Angeles] PHP Notice:  Undefined variable: ItemS in /home/ubuntu/workspace/ViewSC.php on line 170
[09-Jul-2018 08:46:59 America/Los_Angeles] PHP Notice:  Undefined variable: ItemS in /home/ubuntu/workspace/ViewSC.php on line 170
[09-Jul-2018 08:46:59 America/Los_Angeles] PHP Notice:  Undefined variable: ItemS in /home/ubuntu/workspace/ViewSC.php on line 170
[09-Jul-2018 08:46:59 America/Los_Angeles] PHP Notice:  Undefined variable: ItemS in /home/ubuntu/workspace/ViewSC.php on line 170
[09-Jul-2018 08:46:59 America/Los_Angeles] PHP Notice:  Undefined variable: ItemS in /home/ubuntu/workspace/ViewSC.php on line 170
[09-Jul-2018 08:46:59 America/Los_Angeles] PHP Notice:  Undefined variable: ItemS in /home/ubuntu/workspace/ViewSC.php on line 170
[09-Jul-2018 08:46:59 America/Los_Angeles] PHP Notice:  Undefined variable: ItemS in /home/ubuntu/workspace/ViewSC.php on line 170
[09-Jul-2018 08:46:59 America/Los_Angeles] PHP Notice:  Undefined variable: ItemS in /home/ubuntu/workspace/ViewSC.php on line 170
[09-Jul-2018 08:46:59 America/Los_Angeles] PHP Notice:  Undefined variable: ItemS in /home/ubuntu/workspace/ViewSC.php on line 170
[09-Jul-2018 08:46:59 America/Los_Angeles] PHP Notice:  Undefined variable: ItemS in /home/ubuntu/workspace/ViewSC.php on line 170
[09-Jul-2018 08:46:59 America/Los_Angeles] PHP Notice:  Undefined variable: ItemS in /home/ubuntu/workspace/ViewSC.php on line 170
[09-Jul-2018 08:46:59 America/Los_Angeles] PHP Notice:  Undefined variable: ItemS in /home/ubuntu/workspace/ViewSC.php on line 170
[09-Jul-2018 08:46:59 America/Los_Angeles] PHP Notice:  Undefined variable: ItemS in /home/ubuntu/workspace/ViewSC.php on line 170
[09-Jul-2018 08:46:59 America/Los_Angeles] PHP Notice:  Undefined variable: ItemS in /home/ubuntu/workspace/ViewSC.php on line 170
[09-Jul-2018 08:46:59 America/Los_Angeles] PHP Notice:  Undefined variable: ItemS in /home/ubuntu/workspace/ViewSC.php on line 170
[09-Jul-2018 08:46:59 America/Los_Angeles] PHP Notice:  Undefined variable: ItemS in /home/ubuntu/workspace/ViewSC.php on line 170
[09-Jul-2018 08:46:59 America/Los_Angeles] PHP Notice:  Undefined variable: ItemS in /home/ubuntu/workspace/ViewSC.php on line 170
[09-Jul-2018 08:46:59 America/Los_Angeles] PHP Notice:  Undefined variable: ItemS in /home/ubuntu/workspace/ViewSC.php on line 170
[09-Jul-2018 08:46:59 America/Los_Angeles] PHP Notice:  Undefined variable: ItemS in /home/ubuntu/workspace/ViewSC.php on line 170
[09-Jul-2018 08:46:59 America/Los_Angeles] PHP Notice:  Undefined variable: ItemS in /home/ubuntu/workspace/ViewSC.php on line 170
[09-Jul-2018 08:46:59 America/Los_Angeles] PHP Notice:  Undefined variable: ItemS in /home/ubuntu/workspace/ViewSC.php on line 170
[09-Jul-2018 08:46:59 America/Los_Angeles] PHP Notice:  Undefined variable: ItemS in /home/ubuntu/workspace/ViewSC.php on line 170
[09-Jul-2018 08:46:59 America/Los_Angeles] PHP Notice:  Undefined variable: ItemS in /home/ubuntu/workspace/ViewSC.php on line 170
[09-Jul-2018 08:46:59 America/Los_Angeles] PHP Notice:  Undefined variable: ItemS in /home/ubuntu/workspace/ViewSC.php on line 170
[09-Jul-2018 08:46:59 America/Los_Angeles] PHP Notice:  Undefined variable: ItemS in /home/ubuntu/workspace/ViewSC.php on line 170
[09-Jul-2018 08:46:59 America/Los_Angeles] PHP Notice:  Undefined variable: ItemS in /home/ubuntu/workspace/ViewSC.php on line 170
[09-Jul-2018 08:46:59 America/Los_Angeles] PHP Notice:  Undefined variable: ItemS in /home/ubuntu/workspace/ViewSC.php on line 170
[09-Jul-2018 08:46:59 America/Los_Angeles] PHP Notice:  Undefined variable: ItemS in /home/ubuntu/workspace/ViewSC.php on line 170
[09-Jul-2018 08:46:59 America/Los_Angeles] PHP Notice:  Undefined variable: ItemS in /home/ubuntu/workspace/ViewSC.php on line 170
[09-Jul-2018 08:46:59 America/Los_Angeles] PHP Notice:  Undefined variable: ItemS in /home/ubuntu/workspace/ViewSC.php on line 170
[09-Jul-2018 08:46:59 America/Los_Angeles] PHP Notice:  Undefined variable: ItemS in /home/ubuntu/workspace/ViewSC.php on line 170
[09-Jul-2018 08:46:59 America/Los_Angeles] PHP Notice:  Undefined variable: ItemS in /home/ubuntu/workspace/ViewSC.php on line 170
[09-Jul-2018 08:46:59 America/Los_Angeles] PHP Notice:  Undefined variable: ItemS in /home/ubuntu/workspace/ViewSC.php on line 170
[09-Jul-2018 08:46:59 America/Los_Angeles] PHP Notice:  Undefined variable: RequirementS in /home/ubuntu/workspace/ViewSC.php on line 177
[09-Jul-2018 08:46:59 America/Los_Angeles] PHP Notice:  Undefined variable: DesignCodeS in /home/ubuntu/workspace/ViewSC.php on line 178
[09-Jul-2018 08:46:59 America/Los_Angeles] PHP Notice:  Undefined variable: DesignSpecS in /home/ubuntu/workspace/ViewSC.php on line 179
[09-Jul-2018 08:46:59 America/Los_Angeles] PHP Notice:  Undefined variable: ContractNoS in /home/ubuntu/workspace/ViewSC.php on line 183
[09-Jul-2018 08:46:59 America/Los_Angeles] PHP Notice:  Undefined variable: ControlNoS in /home/ubuntu/workspace/ViewSC.php on line 197
[09-Jul-2018 08:46:59 America/Los_Angeles] PHP Notice:  Undefined variable: ElementGroupS in /home/ubuntu/workspace/ViewSC.php on line 211
[09-Jul-2018 08:46:59 America/Los_Angeles] PHP Notice:  Undefined variable: ElementGroupS in /home/ubuntu/workspace/ViewSC.php on line 215
[09-Jul-2018 08:46:59 America/Los_Angeles] PHP Notice:  Undefined variable: ElementGroupS in /home/ubuntu/workspace/ViewSC.php on line 215
[09-Jul-2018 08:46:59 America/Los_Angeles] PHP Notice:  Undefined variable: CertElementS in /home/ubuntu/workspace/ViewSC.php on line 225
[09-Jul-2018 08:47:59 America/Los_Angeles] PHP Notice:  Undefined variable: DefID in /home/ubuntu/workspace/ViewSC.php on line 4
[09-Jul-2018 08:47:59 America/Los_Angeles] PHP Notice:  Undefined variable: ItemS in /home/ubuntu/workspace/ViewSC.php on line 166
[09-Jul-2018 08:47:59 America/Los_Angeles] PHP Notice:  Undefined variable: ItemS in /home/ubuntu/workspace/ViewSC.php on line 170
[09-Jul-2018 08:47:59 America/Los_Angeles] PHP Notice:  Undefined variable: ItemS in /home/ubuntu/workspace/ViewSC.php on line 170
[09-Jul-2018 08:47:59 America/Los_Angeles] PHP Notice:  Undefined variable: ItemS in /home/ubuntu/workspace/ViewSC.php on line 170
[09-Jul-2018 08:47:59 America/Los_Angeles] PHP Notice:  Undefined variable: ItemS in /home/ubuntu/workspace/ViewSC.php on line 170
[09-Jul-2018 08:47:59 America/Los_Angeles] PHP Notice:  Undefined variable: ItemS in /home/ubuntu/workspace/ViewSC.php on line 170
[09-Jul-2018 08:47:59 America/Los_Angeles] PHP Notice:  Undefined variable: ItemS in /home/ubuntu/workspace/ViewSC.php on line 170
[09-Jul-2018 08:47:59 America/Los_Angeles] PHP Notice:  Undefined variable: ItemS in /home/ubuntu/workspace/ViewSC.php on line 170
[09-Jul-2018 08:47:59 America/Los_Angeles] PHP Notice:  Undefined variable: ItemS in /home/ubuntu/workspace/ViewSC.php on line 170
[09-Jul-2018 08:47:59 America/Los_Angeles] PHP Notice:  Undefined variable: ItemS in /home/ubuntu/workspace/ViewSC.php on line 170
[09-Jul-2018 08:47:59 America/Los_Angeles] PHP Notice:  Undefined variable: ItemS in /home/ubuntu/workspace/ViewSC.php on line 170
[09-Jul-2018 08:47:59 America/Los_Angeles] PHP Notice:  Undefined variable: ItemS in /home/ubuntu/workspace/ViewSC.php on line 170
[09-Jul-2018 08:47:59 America/Los_Angeles] PHP Notice:  Undefined variable: ItemS in /home/ubuntu/workspace/ViewSC.php on line 170
[09-Jul-2018 08:47:59 America/Los_Angeles] PHP Notice:  Undefined variable: ItemS in /home/ubuntu/workspace/ViewSC.php on line 170
[09-Jul-2018 08:47:59 America/Los_Angeles] PHP Notice:  Undefined variable: ItemS in /home/ubuntu/workspace/ViewSC.php on line 170
[09-Jul-2018 08:47:59 America/Los_Angeles] PHP Notice:  Undefined variable: ItemS in /home/ubuntu/workspace/ViewSC.php on line 170
[09-Jul-2018 08:47:59 America/Los_Angeles] PHP Notice:  Undefined variable: ItemS in /home/ubuntu/workspace/ViewSC.php on line 170
[09-Jul-2018 08:47:59 America/Los_Angeles] PHP Notice:  Undefined variable: ItemS in /home/ubuntu/workspace/ViewSC.php on line 170
[09-Jul-2018 08:47:59 America/Los_Angeles] PHP Notice:  Undefined variable: ItemS in /home/ubuntu/workspace/ViewSC.php on line 170
[09-Jul-2018 08:47:59 America/Los_Angeles] PHP Notice:  Undefined variable: ItemS in /home/ubuntu/workspace/ViewSC.php on line 170
[09-Jul-2018 08:47:59 America/Los_Angeles] PHP Notice:  Undefined variable: ItemS in /home/ubuntu/workspace/ViewSC.php on line 170
[09-Jul-2018 08:47:59 America/Los_Angeles] PHP Notice:  Undefined variable: ItemS in /home/ubuntu/workspace/ViewSC.php on line 170
[09-Jul-2018 08:47:59 America/Los_Angeles] PHP Notice:  Undefined variable: ItemS in /home/ubuntu/workspace/ViewSC.php on line 170
[09-Jul-2018 08:47:59 America/Los_Angeles] PHP Notice:  Undefined variable: ItemS in /home/ubuntu/workspace/ViewSC.php on line 170
[09-Jul-2018 08:47:59 America/Los_Angeles] PHP Notice:  Undefined variable: ItemS in /home/ubuntu/workspace/ViewSC.php on line 170
[09-Jul-2018 08:47:59 America/Los_Angeles] PHP Notice:  Undefined variable: ItemS in /home/ubuntu/workspace/ViewSC.php on line 170
[09-Jul-2018 08:47:59 America/Los_Angeles] PHP Notice:  Undefined variable: ItemS in /home/ubuntu/workspace/ViewSC.php on line 170
[09-Jul-2018 08:47:59 America/Los_Angeles] PHP Notice:  Undefined variable: ItemS in /home/ubuntu/workspace/ViewSC.php on line 170
[09-Jul-2018 08:47:59 America/Los_Angeles] PHP Notice:  Undefined variable: ItemS in /home/ubuntu/workspace/ViewSC.php on line 170
[09-Jul-2018 08:47:59 America/Los_Angeles] PHP Notice:  Undefined variable: ItemS in /home/ubuntu/workspace/ViewSC.php on line 170
[09-Jul-2018 08:47:59 America/Los_Angeles] PHP Notice:  Undefined variable: ItemS in /home/ubuntu/workspace/ViewSC.php on line 170
[09-Jul-2018 08:47:59 America/Los_Angeles] PHP Notice:  Undefined variable: ItemS in /home/ubuntu/workspace/ViewSC.php on line 170
[09-Jul-2018 08:47:59 America/Los_Angeles] PHP Notice:  Undefined variable: ItemS in /home/ubuntu/workspace/ViewSC.php on line 170
[09-Jul-2018 08:47:59 America/Los_Angeles] PHP Notice:  Undefined variable: ItemS in /home/ubuntu/workspace/ViewSC.php on line 170
[09-Jul-2018 08:47:59 America/Los_Angeles] PHP Notice:  Undefined variable: ItemS in /home/ubuntu/workspace/ViewSC.php on line 170
[09-Jul-2018 08:47:59 America/Los_Angeles] PHP Notice:  Undefined variable: ItemS in /home/ubuntu/workspace/ViewSC.php on line 170
[09-Jul-2018 08:47:59 America/Los_Angeles] PHP Notice:  Undefined variable: ItemS in /home/ubuntu/workspace/ViewSC.php on line 170
[09-Jul-2018 08:47:59 America/Los_Angeles] PHP Notice:  Undefined variable: ItemS in /home/ubuntu/workspace/ViewSC.php on line 170
[09-Jul-2018 08:47:59 America/Los_Angeles] PHP Notice:  Undefined variable: ItemS in /home/ubuntu/workspace/ViewSC.php on line 170
[09-Jul-2018 08:47:59 America/Los_Angeles] PHP Notice:  Undefined variable: ItemS in /home/ubuntu/workspace/ViewSC.php on line 170
[09-Jul-2018 08:47:59 America/Los_Angeles] PHP Notice:  Undefined variable: ItemS in /home/ubuntu/workspace/ViewSC.php on line 170
[09-Jul-2018 08:47:59 America/Los_Angeles] PHP Notice:  Undefined variable: ItemS in /home/ubuntu/workspace/ViewSC.php on line 170
[09-Jul-2018 08:47:59 America/Los_Angeles] PHP Notice:  Undefined variable: ItemS in /home/ubuntu/workspace/ViewSC.php on line 170
[09-Jul-2018 08:47:59 America/Los_Angeles] PHP Notice:  Undefined variable: ItemS in /home/ubuntu/workspace/ViewSC.php on line 170
[09-Jul-2018 08:47:59 America/Los_Angeles] PHP Notice:  Undefined variable: ItemS in /home/ubuntu/workspace/ViewSC.php on line 170
[09-Jul-2018 08:47:59 America/Los_Angeles] PHP Notice:  Undefined variable: ItemS in /home/ubuntu/workspace/ViewSC.php on line 170
[09-Jul-2018 08:47:59 America/Los_Angeles] PHP Notice:  Undefined variable: ItemS in /home/ubuntu/workspace/ViewSC.php on line 170
[09-Jul-2018 08:47:59 America/Los_Angeles] PHP Notice:  Undefined variable: ItemS in /home/ubuntu/workspace/ViewSC.php on line 170
[09-Jul-2018 08:47:59 America/Los_Angeles] PHP Notice:  Undefined variable: ItemS in /home/ubuntu/workspace/ViewSC.php on line 170
[09-Jul-2018 08:47:59 America/Los_Angeles] PHP Notice:  Undefined variable: ItemS in /home/ubuntu/workspace/ViewSC.php on line 170
[09-Jul-2018 08:47:59 America/Los_Angeles] PHP Notice:  Undefined variable: ItemS in /home/ubuntu/workspace/ViewSC.php on line 170
[09-Jul-2018 08:47:59 America/Los_Angeles] PHP Notice:  Undefined variable: ItemS in /home/ubuntu/workspace/ViewSC.php on line 170
[09-Jul-2018 08:47:59 America/Los_Angeles] PHP Notice:  Undefined variable: ItemS in /home/ubuntu/workspace/ViewSC.php on line 170
[09-Jul-2018 08:47:59 America/Los_Angeles] PHP Notice:  Undefined variable: ItemS in /home/ubuntu/workspace/ViewSC.php on line 170
[09-Jul-2018 08:47:59 America/Los_Angeles] PHP Notice:  Undefined variable: ItemS in /home/ubuntu/workspace/ViewSC.php on line 170
[09-Jul-2018 08:47:59 America/Los_Angeles] PHP Notice:  Undefined variable: ItemS in /home/ubuntu/workspace/ViewSC.php on line 170
[09-Jul-2018 08:47:59 America/Los_Angeles] PHP Notice:  Undefined variable: ItemS in /home/ubuntu/workspace/ViewSC.php on line 170
[09-Jul-2018 08:47:59 America/Los_Angeles] PHP Notice:  Undefined variable: ItemS in /home/ubuntu/workspace/ViewSC.php on line 170
[09-Jul-2018 08:47:59 America/Los_Angeles] PHP Notice:  Undefined variable: ItemS in /home/ubuntu/workspace/ViewSC.php on line 170
[09-Jul-2018 08:47:59 America/Los_Angeles] PHP Notice:  Undefined variable: ItemS in /home/ubuntu/workspace/ViewSC.php on line 170
[09-Jul-2018 08:47:59 America/Los_Angeles] PHP Notice:  Undefined variable: ItemS in /home/ubuntu/workspace/ViewSC.php on line 170
[09-Jul-2018 08:47:59 America/Los_Angeles] PHP Notice:  Undefined variable: ItemS in /home/ubuntu/workspace/ViewSC.php on line 170
[09-Jul-2018 08:47:59 America/Los_Angeles] PHP Notice:  Undefined variable: ItemS in /home/ubuntu/workspace/ViewSC.php on line 170
[09-Jul-2018 08:47:59 America/Los_Angeles] PHP Notice:  Undefined variable: ItemS in /home/ubuntu/workspace/ViewSC.php on line 170
[09-Jul-2018 08:47:59 America/Los_Angeles] PHP Notice:  Undefined variable: ItemS in /home/ubuntu/workspace/ViewSC.php on line 170
[09-Jul-2018 08:47:59 America/Los_Angeles] PHP Notice:  Undefined variable: ItemS in /home/ubuntu/workspace/ViewSC.php on line 170
[09-Jul-2018 08:47:59 America/Los_Angeles] PHP Notice:  Undefined variable: ItemS in /home/ubuntu/workspace/ViewSC.php on line 170
[09-Jul-2018 08:47:59 America/Los_Angeles] PHP Notice:  Undefined variable: ItemS in /home/ubuntu/workspace/ViewSC.php on line 170
[09-Jul-2018 08:47:59 America/Los_Angeles] PHP Notice:  Undefined variable: ItemS in /home/ubuntu/workspace/ViewSC.php on line 170
[09-Jul-2018 08:47:59 America/Los_Angeles] PHP Notice:  Undefined variable: ItemS in /home/ubuntu/workspace/ViewSC.php on line 170
[09-Jul-2018 08:47:59 America/Los_Angeles] PHP Notice:  Undefined variable: ItemS in /home/ubuntu/workspace/ViewSC.php on line 170
[09-Jul-2018 08:47:59 America/Los_Angeles] PHP Notice:  Undefined variable: ItemS in /home/ubuntu/workspace/ViewSC.php on line 170
[09-Jul-2018 08:47:59 America/Los_Angeles] PHP Notice:  Undefined variable: ItemS in /home/ubuntu/workspace/ViewSC.php on line 170
[09-Jul-2018 08:47:59 America/Los_Angeles] PHP Notice:  Undefined variable: ItemS in /home/ubuntu/workspace/ViewSC.php on line 170
[09-Jul-2018 08:47:59 America/Los_Angeles] PHP Notice:  Undefined variable: ItemS in /home/ubuntu/workspace/ViewSC.php on line 170
[09-Jul-2018 08:47:59 America/Los_Angeles] PHP Notice:  Undefined variable: ItemS in /home/ubuntu/workspace/ViewSC.php on line 170
[09-Jul-2018 08:47:59 America/Los_Angeles] PHP Notice:  Undefined variable: ItemS in /home/ubuntu/workspace/ViewSC.php on line 170
[09-Jul-2018 08:47:59 America/Los_Angeles] PHP Notice:  Undefined variable: ItemS in /home/ubuntu/workspace/ViewSC.php on line 170
[09-Jul-2018 08:47:59 America/Los_Angeles] PHP Notice:  Undefined variable: ItemS in /home/ubuntu/workspace/ViewSC.php on line 170
[09-Jul-2018 08:47:59 America/Los_Angeles] PHP Notice:  Undefined variable: ItemS in /home/ubuntu/workspace/ViewSC.php on line 170
[09-Jul-2018 08:47:59 America/Los_Angeles] PHP Notice:  Undefined variable: ItemS in /home/ubuntu/workspace/ViewSC.php on line 170
[09-Jul-2018 08:47:59 America/Los_Angeles] PHP Notice:  Undefined variable: ItemS in /home/ubuntu/workspace/ViewSC.php on line 170
[09-Jul-2018 08:47:59 America/Los_Angeles] PHP Notice:  Undefined variable: ItemS in /home/ubuntu/workspace/ViewSC.php on line 170
[09-Jul-2018 08:47:59 America/Los_Angeles] PHP Notice:  Undefined variable: ItemS in /home/ubuntu/workspace/ViewSC.php on line 170
[09-Jul-2018 08:47:59 America/Los_Angeles] PHP Notice:  Undefined variable: ItemS in /home/ubuntu/workspace/ViewSC.php on line 170
[09-Jul-2018 08:47:59 America/Los_Angeles] PHP Notice:  Undefined variable: ItemS in /home/ubuntu/workspace/ViewSC.php on line 170
[09-Jul-2018 08:47:59 America/Los_Angeles] PHP Notice:  Undefined variable: ItemS in /home/ubuntu/workspace/ViewSC.php on line 170
[09-Jul-2018 08:47:59 America/Los_Angeles] PHP Notice:  Undefined variable: ItemS in /home/ubuntu/workspace/ViewSC.php on line 170
[09-Jul-2018 08:47:59 America/Los_Angeles] PHP Notice:  Undefined variable: ItemS in /home/ubuntu/workspace/ViewSC.php on line 170
[09-Jul-2018 08:47:59 America/Los_Angeles] PHP Notice:  Undefined variable: ItemS in /home/ubuntu/workspace/ViewSC.php on line 170
[09-Jul-2018 08:47:59 America/Los_Angeles] PHP Notice:  Undefined variable: ItemS in /home/ubuntu/workspace/ViewSC.php on line 170
[09-Jul-2018 08:47:59 America/Los_Angeles] PHP Notice:  Undefined variable: ItemS in /home/ubuntu/workspace/ViewSC.php on line 170
[09-Jul-2018 08:47:59 America/Los_Angeles] PHP Notice:  Undefined variable: ItemS in /home/ubuntu/workspace/ViewSC.php on line 170
[09-Jul-2018 08:47:59 America/Los_Angeles] PHP Notice:  Undefined variable: ItemS in /home/ubuntu/workspace/ViewSC.php on line 170
[09-Jul-2018 08:47:59 America/Los_Angeles] PHP Notice:  Undefined variable: ItemS in /home/ubuntu/workspace/ViewSC.php on line 170
[09-Jul-2018 08:47:59 America/Los_Angeles] PHP Notice:  Undefined variable: ItemS in /home/ubuntu/workspace/ViewSC.php on line 170
[09-Jul-2018 08:47:59 America/Los_Angeles] PHP Notice:  Undefined variable: ItemS in /home/ubuntu/workspace/ViewSC.php on line 170
[09-Jul-2018 08:47:59 America/Los_Angeles] PHP Notice:  Undefined variable: ItemS in /home/ubuntu/workspace/ViewSC.php on line 170
[09-Jul-2018 08:47:59 America/Los_Angeles] PHP Notice:  Undefined variable: ItemS in /home/ubuntu/workspace/ViewSC.php on line 170
[09-Jul-2018 08:47:59 America/Los_Angeles] PHP Notice:  Undefined variable: ItemS in /home/ubuntu/workspace/ViewSC.php on line 170
[09-Jul-2018 08:47:59 America/Los_Angeles] PHP Notice:  Undefined variable: ItemS in /home/ubuntu/workspace/ViewSC.php on line 170
[09-Jul-2018 08:47:59 America/Los_Angeles] PHP Notice:  Undefined variable: ItemS in /home/ubuntu/workspace/ViewSC.php on line 170
[09-Jul-2018 08:47:59 America/Los_Angeles] PHP Notice:  Undefined variable: ItemS in /home/ubuntu/workspace/ViewSC.php on line 170
[09-Jul-2018 08:47:59 America/Los_Angeles] PHP Notice:  Undefined variable: ItemS in /home/ubuntu/workspace/ViewSC.php on line 170
[09-Jul-2018 08:47:59 America/Los_Angeles] PHP Notice:  Undefined variable: ItemS in /home/ubuntu/workspace/ViewSC.php on line 170
[09-Jul-2018 08:47:59 America/Los_Angeles] PHP Notice:  Undefined variable: ItemS in /home/ubuntu/workspace/ViewSC.php on line 170
[09-Jul-2018 08:47:59 America/Los_Angeles] PHP Notice:  Undefined variable: ItemS in /home/ubuntu/workspace/ViewSC.php on line 170
[09-Jul-2018 08:47:59 America/Los_Angeles] PHP Notice:  Undefined variable: ItemS in /home/ubuntu/workspace/ViewSC.php on line 170
[09-Jul-2018 08:47:59 America/Los_Angeles] PHP Notice:  Undefined variable: ItemS in /home/ubuntu/workspace/ViewSC.php on line 170
[09-Jul-2018 08:47:59 America/Los_Angeles] PHP Notice:  Undefined variable: ItemS in /home/ubuntu/workspace/ViewSC.php on line 170
[09-Jul-2018 08:47:59 America/Los_Angeles] PHP Notice:  Undefined variable: ItemS in /home/ubuntu/workspace/ViewSC.php on line 170
[09-Jul-2018 08:47:59 America/Los_Angeles] PHP Notice:  Undefined variable: ItemS in /home/ubuntu/workspace/ViewSC.php on line 170
[09-Jul-2018 08:47:59 America/Los_Angeles] PHP Notice:  Undefined variable: ItemS in /home/ubuntu/workspace/ViewSC.php on line 170
[09-Jul-2018 08:47:59 America/Los_Angeles] PHP Notice:  Undefined variable: ItemS in /home/ubuntu/workspace/ViewSC.php on line 170
[09-Jul-2018 08:47:59 America/Los_Angeles] PHP Notice:  Undefined variable: ItemS in /home/ubuntu/workspace/ViewSC.php on line 170
[09-Jul-2018 08:47:59 America/Los_Angeles] PHP Notice:  Undefined variable: ItemS in /home/ubuntu/workspace/ViewSC.php on line 170
[09-Jul-2018 08:47:59 America/Los_Angeles] PHP Notice:  Undefined variable: ItemS in /home/ubuntu/workspace/ViewSC.php on line 170
[09-Jul-2018 08:47:59 America/Los_Angeles] PHP Notice:  Undefined variable: ItemS in /home/ubuntu/workspace/ViewSC.php on line 170
[09-Jul-2018 08:47:59 America/Los_Angeles] PHP Notice:  Undefined variable: ItemS in /home/ubuntu/workspace/ViewSC.php on line 170
[09-Jul-2018 08:47:59 America/Los_Angeles] PHP Notice:  Undefined variable: ItemS in /home/ubuntu/workspace/ViewSC.php on line 170
[09-Jul-2018 08:47:59 America/Los_Angeles] PHP Notice:  Undefined variable: ItemS in /home/ubuntu/workspace/ViewSC.php on line 170
[09-Jul-2018 08:47:59 America/Los_Angeles] PHP Notice:  Undefined variable: ItemS in /home/ubuntu/workspace/ViewSC.php on line 170
[09-Jul-2018 08:47:59 America/Los_Angeles] PHP Notice:  Undefined variable: ItemS in /home/ubuntu/workspace/ViewSC.php on line 170
[09-Jul-2018 08:47:59 America/Los_Angeles] PHP Notice:  Undefined variable: ItemS in /home/ubuntu/workspace/ViewSC.php on line 170
[09-Jul-2018 08:47:59 America/Los_Angeles] PHP Notice:  Undefined variable: ItemS in /home/ubuntu/workspace/ViewSC.php on line 170
[09-Jul-2018 08:47:59 America/Los_Angeles] PHP Notice:  Undefined variable: ItemS in /home/ubuntu/workspace/ViewSC.php on line 170
[09-Jul-2018 08:47:59 America/Los_Angeles] PHP Notice:  Undefined variable: ItemS in /home/ubuntu/workspace/ViewSC.php on line 170
[09-Jul-2018 08:47:59 America/Los_Angeles] PHP Notice:  Undefined variable: ItemS in /home/ubuntu/workspace/ViewSC.php on line 170
[09-Jul-2018 08:47:59 America/Los_Angeles] PHP Notice:  Undefined variable: ItemS in /home/ubuntu/workspace/ViewSC.php on line 170
[09-Jul-2018 08:47:59 America/Los_Angeles] PHP Notice:  Undefined variable: ItemS in /home/ubuntu/workspace/ViewSC.php on line 170
[09-Jul-2018 08:47:59 America/Los_Angeles] PHP Notice:  Undefined variable: ItemS in /home/ubuntu/workspace/ViewSC.php on line 170
[09-Jul-2018 08:47:59 America/Los_Angeles] PHP Notice:  Undefined variable: ItemS in /home/ubuntu/workspace/ViewSC.php on line 170
[09-Jul-2018 08:47:59 America/Los_Angeles] PHP Notice:  Undefined variable: ItemS in /home/ubuntu/workspace/ViewSC.php on line 170
[09-Jul-2018 08:47:59 America/Los_Angeles] PHP Notice:  Undefined variable: ItemS in /home/ubuntu/workspace/ViewSC.php on line 170
[09-Jul-2018 08:47:59 America/Los_Angeles] PHP Notice:  Undefined variable: ItemS in /home/ubuntu/workspace/ViewSC.php on line 170
[09-Jul-2018 08:47:59 America/Los_Angeles] PHP Notice:  Undefined variable: ItemS in /home/ubuntu/workspace/ViewSC.php on line 170
[09-Jul-2018 08:47:59 America/Los_Angeles] PHP Notice:  Undefined variable: ItemS in /home/ubuntu/workspace/ViewSC.php on line 170
[09-Jul-2018 08:47:59 America/Los_Angeles] PHP Notice:  Undefined variable: ItemS in /home/ubuntu/workspace/ViewSC.php on line 170
[09-Jul-2018 08:47:59 America/Los_Angeles] PHP Notice:  Undefined variable: ItemS in /home/ubuntu/workspace/ViewSC.php on line 170
[09-Jul-2018 08:47:59 America/Los_Angeles] PHP Notice:  Undefined variable: ItemS in /home/ubuntu/workspace/ViewSC.php on line 170
[09-Jul-2018 08:47:59 America/Los_Angeles] PHP Notice:  Undefined variable: ItemS in /home/ubuntu/workspace/ViewSC.php on line 170
[09-Jul-2018 08:47:59 America/Los_Angeles] PHP Notice:  Undefined variable: ItemS in /home/ubuntu/workspace/ViewSC.php on line 170
[09-Jul-2018 08:47:59 America/Los_Angeles] PHP Notice:  Undefined variable: RequirementS in /home/ubuntu/workspace/ViewSC.php on line 177
[09-Jul-2018 08:47:59 America/Los_Angeles] PHP Notice:  Undefined variable: DesignCodeS in /home/ubuntu/workspace/ViewSC.php on line 178
[09-Jul-2018 08:47:59 America/Los_Angeles] PHP Notice:  Undefined variable: DesignSpecS in /home/ubuntu/workspace/ViewSC.php on line 179
[09-Jul-2018 08:47:59 America/Los_Angeles] PHP Notice:  Undefined variable: ContractNoS in /home/ubuntu/workspace/ViewSC.php on line 183
[09-Jul-2018 08:47:59 America/Los_Angeles] PHP Notice:  Undefined variable: ControlNoS in /home/ubuntu/workspace/ViewSC.php on line 197
[09-Jul-2018 08:47:59 America/Los_Angeles] PHP Notice:  Undefined variable: ElementGroupS in /home/ubuntu/workspace/ViewSC.php on line 211
[09-Jul-2018 08:47:59 America/Los_Angeles] PHP Notice:  Undefined variable: ElementGroupS in /home/ubuntu/workspace/ViewSC.php on line 215
[09-Jul-2018 08:47:59 America/Los_Angeles] PHP Notice:  Undefined variable: ElementGroupS in /home/ubuntu/workspace/ViewSC.php on line 215
[09-Jul-2018 08:47:59 America/Los_Angeles] PHP Notice:  Undefined variable: CertElementS in /home/ubuntu/workspace/ViewSC.php on line 225
[09-Jul-2018 08:52:52 America/Los_Angeles] PHP Notice:  Undefined variable: DefID in /home/ubuntu/workspace/ViewSC.php on line 4
[09-Jul-2018 08:52:52 America/Los_Angeles] PHP Warning:  Invalid argument supplied for foreach() in /home/ubuntu/workspace/ViewSC.php on line 185
[09-Jul-2018 08:52:52 America/Los_Angeles] PHP Warning:  Invalid argument supplied for foreach() in /home/ubuntu/workspace/ViewSC.php on line 199
[09-Jul-2018 08:52:52 America/Los_Angeles] PHP Warning:  Invalid argument supplied for foreach() in /home/ubuntu/workspace/ViewSC.php on line 227
[09-Jul-2018 08:53:35 America/Los_Angeles] PHP Notice:  Undefined variable: DefID in /home/ubuntu/workspace/ViewSC.php on line 4
[09-Jul-2018 08:53:35 America/Los_Angeles] PHP Warning:  Invalid argument supplied for foreach() in /home/ubuntu/workspace/ViewSC.php on line 185
[09-Jul-2018 08:53:35 America/Los_Angeles] PHP Warning:  Invalid argument supplied for foreach() in /home/ubuntu/workspace/ViewSC.php on line 199
[09-Jul-2018 08:53:35 America/Los_Angeles] PHP Warning:  Invalid argument supplied for foreach() in /home/ubuntu/workspace/ViewSC.php on line 227
[09-Jul-2018 08:54:40 America/Los_Angeles] PHP Notice:  Undefined variable: DefID in /home/ubuntu/workspace/ViewSC.php on line 4
[09-Jul-2018 08:54:40 America/Los_Angeles] PHP Warning:  Invalid argument supplied for foreach() in /home/ubuntu/workspace/ViewSC.php on line 185
[09-Jul-2018 08:54:40 America/Los_Angeles] PHP Warning:  Invalid argument supplied for foreach() in /home/ubuntu/workspace/ViewSC.php on line 199
[09-Jul-2018 08:54:40 America/Los_Angeles] PHP Warning:  Invalid argument supplied for foreach() in /home/ubuntu/workspace/ViewSC.php on line 227
[09-Jul-2018 08:56:05 America/Los_Angeles] PHP Notice:  Undefined variable: DefID in /home/ubuntu/workspace/ViewSC.php on line 4
[09-Jul-2018 08:56:05 America/Los_Angeles] PHP Warning:  Invalid argument supplied for foreach() in /home/ubuntu/workspace/ViewSC.php on line 185
[09-Jul-2018 08:56:05 America/Los_Angeles] PHP Warning:  Invalid argument supplied for foreach() in /home/ubuntu/workspace/ViewSC.php on line 199
[09-Jul-2018 08:56:05 America/Los_Angeles] PHP Warning:  Invalid argument supplied for foreach() in /home/ubuntu/workspace/ViewSC.php on line 227
[09-Jul-2018 08:56:50 America/Los_Angeles] PHP Notice:  Undefined variable: DefID in /home/ubuntu/workspace/ViewSC.php on line 4
[09-Jul-2018 08:56:50 America/Los_Angeles] PHP Warning:  Invalid argument supplied for foreach() in /home/ubuntu/workspace/ViewSC.php on line 185
[09-Jul-2018 08:56:50 America/Los_Angeles] PHP Warning:  Invalid argument supplied for foreach() in /home/ubuntu/workspace/ViewSC.php on line 199
[09-Jul-2018 08:56:50 America/Los_Angeles] PHP Warning:  Invalid argument supplied for foreach() in /home/ubuntu/workspace/ViewSC.php on line 227
[09-Jul-2018 08:58:35 America/Los_Angeles] PHP Notice:  Undefined variable: DefID in /home/ubuntu/workspace/ViewSC.php on line 4
[09-Jul-2018 08:58:35 America/Los_Angeles] PHP Warning:  Invalid argument supplied for foreach() in /home/ubuntu/workspace/ViewSC.php on line 185
[09-Jul-2018 08:58:35 America/Los_Angeles] PHP Warning:  Invalid argument supplied for foreach() in /home/ubuntu/workspace/ViewSC.php on line 199
[09-Jul-2018 08:58:35 America/Los_Angeles] PHP Warning:  Invalid argument supplied for foreach() in /home/ubuntu/workspace/ViewSC.php on line 213
[09-Jul-2018 08:58:35 America/Los_Angeles] PHP Warning:  Invalid argument supplied for foreach() in /home/ubuntu/workspace/ViewSC.php on line 227
[09-Jul-2018 08:59:36 America/Los_Angeles] PHP Warning:  Invalid argument supplied for foreach() in /home/ubuntu/workspace/ViewSC.php on line 185
[09-Jul-2018 08:59:36 America/Los_Angeles] PHP Warning:  Invalid argument supplied for foreach() in /home/ubuntu/workspace/ViewSC.php on line 199
[09-Jul-2018 08:59:36 America/Los_Angeles] PHP Warning:  Invalid argument supplied for foreach() in /home/ubuntu/workspace/ViewSC.php on line 213
[09-Jul-2018 08:59:36 America/Los_Angeles] PHP Warning:  Invalid argument supplied for foreach() in /home/ubuntu/workspace/ViewSC.php on line 227
[09-Jul-2018 09:03:16 America/Los_Angeles] PHP Warning:  Invalid argument supplied for foreach() in /home/ubuntu/workspace/ViewSC.php on line 185
[09-Jul-2018 09:03:16 America/Los_Angeles] PHP Warning:  Invalid argument supplied for foreach() in /home/ubuntu/workspace/ViewSC.php on line 199
[09-Jul-2018 09:03:16 America/Los_Angeles] PHP Warning:  Invalid argument supplied for foreach() in /home/ubuntu/workspace/ViewSC.php on line 213
[09-Jul-2018 09:03:16 America/Los_Angeles] PHP Warning:  Invalid argument supplied for foreach() in /home/ubuntu/workspace/ViewSC.php on line 227
[09-Jul-2018 09:03:32 America/Los_Angeles] PHP Warning:  Invalid argument supplied for foreach() in /home/ubuntu/workspace/ViewSC.php on line 185
[09-Jul-2018 09:03:32 America/Los_Angeles] PHP Warning:  Invalid argument supplied for foreach() in /home/ubuntu/workspace/ViewSC.php on line 199
[09-Jul-2018 09:03:32 America/Los_Angeles] PHP Warning:  Invalid argument supplied for foreach() in /home/ubuntu/workspace/ViewSC.php on line 213
[09-Jul-2018 09:03:32 America/Los_Angeles] PHP Warning:  Invalid argument supplied for foreach() in /home/ubuntu/workspace/ViewSC.php on line 227
[09-Jul-2018 09:05:03 America/Los_Angeles] PHP Notice:  Undefined variable: ItemS in /home/ubuntu/workspace/ViewSC.php on line 163
[09-Jul-2018 09:05:03 America/Los_Angeles] PHP Notice:  Undefined variable: ItemS in /home/ubuntu/workspace/ViewSC.php on line 167
[09-Jul-2018 09:05:03 America/Los_Angeles] PHP Notice:  Undefined variable: ItemS in /home/ubuntu/workspace/ViewSC.php on line 167
[09-Jul-2018 09:05:03 America/Los_Angeles] PHP Notice:  Undefined variable: ItemS in /home/ubuntu/workspace/ViewSC.php on line 167
[09-Jul-2018 09:05:03 America/Los_Angeles] PHP Notice:  Undefined variable: ItemS in /home/ubuntu/workspace/ViewSC.php on line 167
[09-Jul-2018 09:05:03 America/Los_Angeles] PHP Notice:  Undefined variable: ItemS in /home/ubuntu/workspace/ViewSC.php on line 167
[09-Jul-2018 09:05:03 America/Los_Angeles] PHP Notice:  Undefined variable: ItemS in /home/ubuntu/workspace/ViewSC.php on line 167
[09-Jul-2018 09:05:03 America/Los_Angeles] PHP Notice:  Undefined variable: ItemS in /home/ubuntu/workspace/ViewSC.php on line 167
[09-Jul-2018 09:05:03 America/Los_Angeles] PHP Notice:  Undefined variable: ItemS in /home/ubuntu/workspace/ViewSC.php on line 167
[09-Jul-2018 09:05:03 America/Los_Angeles] PHP Notice:  Undefined variable: ItemS in /home/ubuntu/workspace/ViewSC.php on line 167
[09-Jul-2018 09:05:03 America/Los_Angeles] PHP Notice:  Undefined variable: ItemS in /home/ubuntu/workspace/ViewSC.php on line 167
[09-Jul-2018 09:05:03 America/Los_Angeles] PHP Notice:  Undefined variable: ItemS in /home/ubuntu/workspace/ViewSC.php on line 167
[09-Jul-2018 09:05:03 America/Los_Angeles] PHP Notice:  Undefined variable: ItemS in /home/ubuntu/workspace/ViewSC.php on line 167
[09-Jul-2018 09:05:03 America/Los_Angeles] PHP Notice:  Undefined variable: ItemS in /home/ubuntu/workspace/ViewSC.php on line 167
[09-Jul-2018 09:05:03 America/Los_Angeles] PHP Notice:  Undefined variable: ItemS in /home/ubuntu/workspace/ViewSC.php on line 167
[09-Jul-2018 09:05:03 America/Los_Angeles] PHP Notice:  Undefined variable: ItemS in /home/ubuntu/workspace/ViewSC.php on line 167
[09-Jul-2018 09:05:03 America/Los_Angeles] PHP Notice:  Undefined variable: ItemS in /home/ubuntu/workspace/ViewSC.php on line 167
[09-Jul-2018 09:05:03 America/Los_Angeles] PHP Notice:  Undefined variable: ItemS in /home/ubuntu/workspace/ViewSC.php on line 167
[09-Jul-2018 09:05:03 America/Los_Angeles] PHP Notice:  Undefined variable: ItemS in /home/ubuntu/workspace/ViewSC.php on line 167
[09-Jul-2018 09:05:03 America/Los_Angeles] PHP Notice:  Undefined variable: ItemS in /home/ubuntu/workspace/ViewSC.php on line 167
[09-Jul-2018 09:05:03 America/Los_Angeles] PHP Notice:  Undefined variable: ItemS in /home/ubuntu/workspace/ViewSC.php on line 167
[09-Jul-2018 09:05:03 America/Los_Angeles] PHP Notice:  Undefined variable: ItemS in /home/ubuntu/workspace/ViewSC.php on line 167
[09-Jul-2018 09:05:03 America/Los_Angeles] PHP Notice:  Undefined variable: ItemS in /home/ubuntu/workspace/ViewSC.php on line 167
[09-Jul-2018 09:05:03 America/Los_Angeles] PHP Notice:  Undefined variable: ItemS in /home/ubuntu/workspace/ViewSC.php on line 167
[09-Jul-2018 09:05:03 America/Los_Angeles] PHP Notice:  Undefined variable: ItemS in /home/ubuntu/workspace/ViewSC.php on line 167
[09-Jul-2018 09:05:03 America/Los_Angeles] PHP Notice:  Undefined variable: ItemS in /home/ubuntu/workspace/ViewSC.php on line 167
[09-Jul-2018 09:05:03 America/Los_Angeles] PHP Notice:  Undefined variable: ItemS in /home/ubuntu/workspace/ViewSC.php on line 167
[09-Jul-2018 09:05:03 America/Los_Angeles] PHP Notice:  Undefined variable: ItemS in /home/ubuntu/workspace/ViewSC.php on line 167
[09-Jul-2018 09:05:03 America/Los_Angeles] PHP Notice:  Undefined variable: ItemS in /home/ubuntu/workspace/ViewSC.php on line 167
[09-Jul-2018 09:05:03 America/Los_Angeles] PHP Notice:  Undefined variable: ItemS in /home/ubuntu/workspace/ViewSC.php on line 167
[09-Jul-2018 09:05:03 America/Los_Angeles] PHP Notice:  Undefined variable: ItemS in /home/ubuntu/workspace/ViewSC.php on line 167
[09-Jul-2018 09:05:03 America/Los_Angeles] PHP Notice:  Undefined variable: ItemS in /home/ubuntu/workspace/ViewSC.php on line 167
[09-Jul-2018 09:05:03 America/Los_Angeles] PHP Notice:  Undefined variable: ItemS in /home/ubuntu/workspace/ViewSC.php on line 167
[09-Jul-2018 09:05:03 America/Los_Angeles] PHP Notice:  Undefined variable: ItemS in /home/ubuntu/workspace/ViewSC.php on line 167
[09-Jul-2018 09:05:03 America/Los_Angeles] PHP Notice:  Undefined variable: ItemS in /home/ubuntu/workspace/ViewSC.php on line 167
[09-Jul-2018 09:05:03 America/Los_Angeles] PHP Notice:  Undefined variable: ItemS in /home/ubuntu/workspace/ViewSC.php on line 167
[09-Jul-2018 09:05:03 America/Los_Angeles] PHP Notice:  Undefined variable: ItemS in /home/ubuntu/workspace/ViewSC.php on line 167
[09-Jul-2018 09:05:03 America/Los_Angeles] PHP Notice:  Undefined variable: ItemS in /home/ubuntu/workspace/ViewSC.php on line 167
[09-Jul-2018 09:05:03 America/Los_Angeles] PHP Notice:  Undefined variable: ItemS in /home/ubuntu/workspace/ViewSC.php on line 167
[09-Jul-2018 09:05:03 America/Los_Angeles] PHP Notice:  Undefined variable: ItemS in /home/ubuntu/workspace/ViewSC.php on line 167
[09-Jul-2018 09:05:03 America/Los_Angeles] PHP Notice:  Undefined variable: ItemS in /home/ubuntu/workspace/ViewSC.php on line 167
[09-Jul-2018 09:05:03 America/Los_Angeles] PHP Notice:  Undefined variable: ItemS in /home/ubuntu/workspace/ViewSC.php on line 167
[09-Jul-2018 09:05:03 America/Los_Angeles] PHP Notice:  Undefined variable: ItemS in /home/ubuntu/workspace/ViewSC.php on line 167
[09-Jul-2018 09:05:03 America/Los_Angeles] PHP Notice:  Undefined variable: ItemS in /home/ubuntu/workspace/ViewSC.php on line 167
[09-Jul-2018 09:05:03 America/Los_Angeles] PHP Notice:  Undefined variable: ItemS in /home/ubuntu/workspace/ViewSC.php on line 167
[09-Jul-2018 09:05:03 America/Los_Angeles] PHP Notice:  Undefined variable: ItemS in /home/ubuntu/workspace/ViewSC.php on line 167
[09-Jul-2018 09:05:03 America/Los_Angeles] PHP Notice:  Undefined variable: ItemS in /home/ubuntu/workspace/ViewSC.php on line 167
[09-Jul-2018 09:05:03 America/Los_Angeles] PHP Notice:  Undefined variable: ItemS in /home/ubuntu/workspace/ViewSC.php on line 167
[09-Jul-2018 09:05:03 America/Los_Angeles] PHP Notice:  Undefined variable: ItemS in /home/ubuntu/workspace/ViewSC.php on line 167
[09-Jul-2018 09:05:03 America/Los_Angeles] PHP Notice:  Undefined variable: ItemS in /home/ubuntu/workspace/ViewSC.php on line 167
[09-Jul-2018 09:05:03 America/Los_Angeles] PHP Notice:  Undefined variable: ItemS in /home/ubuntu/workspace/ViewSC.php on line 167
[09-Jul-2018 09:05:03 America/Los_Angeles] PHP Notice:  Undefined variable: ItemS in /home/ubuntu/workspace/ViewSC.php on line 167
[09-Jul-2018 09:05:03 America/Los_Angeles] PHP Notice:  Undefined variable: ItemS in /home/ubuntu/workspace/ViewSC.php on line 167
[09-Jul-2018 09:05:03 America/Los_Angeles] PHP Notice:  Undefined variable: ItemS in /home/ubuntu/workspace/ViewSC.php on line 167
[09-Jul-2018 09:05:03 America/Los_Angeles] PHP Notice:  Undefined variable: ItemS in /home/ubuntu/workspace/ViewSC.php on line 167
[09-Jul-2018 09:05:03 America/Los_Angeles] PHP Notice:  Undefined variable: ItemS in /home/ubuntu/workspace/ViewSC.php on line 167
[09-Jul-2018 09:05:03 America/Los_Angeles] PHP Notice:  Undefined variable: ItemS in /home/ubuntu/workspace/ViewSC.php on line 167
[09-Jul-2018 09:05:03 America/Los_Angeles] PHP Notice:  Undefined variable: ItemS in /home/ubuntu/workspace/ViewSC.php on line 167
[09-Jul-2018 09:05:03 America/Los_Angeles] PHP Notice:  Undefined variable: ItemS in /home/ubuntu/workspace/ViewSC.php on line 167
[09-Jul-2018 09:05:03 America/Los_Angeles] PHP Notice:  Undefined variable: ItemS in /home/ubuntu/workspace/ViewSC.php on line 167
[09-Jul-2018 09:05:03 America/Los_Angeles] PHP Notice:  Undefined variable: ItemS in /home/ubuntu/workspace/ViewSC.php on line 167
[09-Jul-2018 09:05:03 America/Los_Angeles] PHP Notice:  Undefined variable: ItemS in /home/ubuntu/workspace/ViewSC.php on line 167
[09-Jul-2018 09:05:03 America/Los_Angeles] PHP Notice:  Undefined variable: ItemS in /home/ubuntu/workspace/ViewSC.php on line 167
[09-Jul-2018 09:05:03 America/Los_Angeles] PHP Notice:  Undefined variable: ItemS in /home/ubuntu/workspace/ViewSC.php on line 167
[09-Jul-2018 09:05:03 America/Los_Angeles] PHP Notice:  Undefined variable: ItemS in /home/ubuntu/workspace/ViewSC.php on line 167
[09-Jul-2018 09:05:03 America/Los_Angeles] PHP Notice:  Undefined variable: ItemS in /home/ubuntu/workspace/ViewSC.php on line 167
[09-Jul-2018 09:05:03 America/Los_Angeles] PHP Notice:  Undefined variable: ItemS in /home/ubuntu/workspace/ViewSC.php on line 167
[09-Jul-2018 09:05:03 America/Los_Angeles] PHP Notice:  Undefined variable: ItemS in /home/ubuntu/workspace/ViewSC.php on line 167
[09-Jul-2018 09:05:03 America/Los_Angeles] PHP Notice:  Undefined variable: ItemS in /home/ubuntu/workspace/ViewSC.php on line 167
[09-Jul-2018 09:05:03 America/Los_Angeles] PHP Notice:  Undefined variable: ItemS in /home/ubuntu/workspace/ViewSC.php on line 167
[09-Jul-2018 09:05:03 America/Los_Angeles] PHP Notice:  Undefined variable: ItemS in /home/ubuntu/workspace/ViewSC.php on line 167
[09-Jul-2018 09:05:03 America/Los_Angeles] PHP Notice:  Undefined variable: ItemS in /home/ubuntu/workspace/ViewSC.php on line 167
[09-Jul-2018 09:05:03 America/Los_Angeles] PHP Notice:  Undefined variable: ItemS in /home/ubuntu/workspace/ViewSC.php on line 167
[09-Jul-2018 09:05:03 America/Los_Angeles] PHP Notice:  Undefined variable: ItemS in /home/ubuntu/workspace/ViewSC.php on line 167
[09-Jul-2018 09:05:03 America/Los_Angeles] PHP Notice:  Undefined variable: ItemS in /home/ubuntu/workspace/ViewSC.php on line 167
[09-Jul-2018 09:05:03 America/Los_Angeles] PHP Notice:  Undefined variable: ItemS in /home/ubuntu/workspace/ViewSC.php on line 167
[09-Jul-2018 09:05:03 America/Los_Angeles] PHP Notice:  Undefined variable: ItemS in /home/ubuntu/workspace/ViewSC.php on line 167
[09-Jul-2018 09:05:03 America/Los_Angeles] PHP Notice:  Undefined variable: ItemS in /home/ubuntu/workspace/ViewSC.php on line 167
[09-Jul-2018 09:05:03 America/Los_Angeles] PHP Notice:  Undefined variable: ItemS in /home/ubuntu/workspace/ViewSC.php on line 167
[09-Jul-2018 09:05:03 America/Los_Angeles] PHP Notice:  Undefined variable: ItemS in /home/ubuntu/workspace/ViewSC.php on line 167
[09-Jul-2018 09:05:03 America/Los_Angeles] PHP Notice:  Undefined variable: ItemS in /home/ubuntu/workspace/ViewSC.php on line 167
[09-Jul-2018 09:05:03 America/Los_Angeles] PHP Notice:  Undefined variable: ItemS in /home/ubuntu/workspace/ViewSC.php on line 167
[09-Jul-2018 09:05:03 America/Los_Angeles] PHP Notice:  Undefined variable: ItemS in /home/ubuntu/workspace/ViewSC.php on line 167
[09-Jul-2018 09:05:03 America/Los_Angeles] PHP Notice:  Undefined variable: ItemS in /home/ubuntu/workspace/ViewSC.php on line 167
[09-Jul-2018 09:05:03 America/Los_Angeles] PHP Notice:  Undefined variable: ItemS in /home/ubuntu/workspace/ViewSC.php on line 167
[09-Jul-2018 09:05:03 America/Los_Angeles] PHP Notice:  Undefined variable: ItemS in /home/ubuntu/workspace/ViewSC.php on line 167
[09-Jul-2018 09:05:03 America/Los_Angeles] PHP Notice:  Undefined variable: ItemS in /home/ubuntu/workspace/ViewSC.php on line 167
[09-Jul-2018 09:05:03 America/Los_Angeles] PHP Notice:  Undefined variable: ItemS in /home/ubuntu/workspace/ViewSC.php on line 167
[09-Jul-2018 09:05:03 America/Los_Angeles] PHP Notice:  Undefined variable: ItemS in /home/ubuntu/workspace/ViewSC.php on line 167
[09-Jul-2018 09:05:03 America/Los_Angeles] PHP Notice:  Undefined variable: ItemS in /home/ubuntu/workspace/ViewSC.php on line 167
[09-Jul-2018 09:05:03 America/Los_Angeles] PHP Notice:  Undefined variable: ItemS in /home/ubuntu/workspace/ViewSC.php on line 167
[09-Jul-2018 09:05:03 America/Los_Angeles] PHP Notice:  Undefined variable: ItemS in /home/ubuntu/workspace/ViewSC.php on line 167
[09-Jul-2018 09:05:03 America/Los_Angeles] PHP Notice:  Undefined variable: ItemS in /home/ubuntu/workspace/ViewSC.php on line 167
[09-Jul-2018 09:05:03 America/Los_Angeles] PHP Notice:  Undefined variable: ItemS in /home/ubuntu/workspace/ViewSC.php on line 167
[09-Jul-2018 09:05:03 America/Los_Angeles] PHP Notice:  Undefined variable: ItemS in /home/ubuntu/workspace/ViewSC.php on line 167
[09-Jul-2018 09:05:03 America/Los_Angeles] PHP Notice:  Undefined variable: ItemS in /home/ubuntu/workspace/ViewSC.php on line 167
[09-Jul-2018 09:05:03 America/Los_Angeles] PHP Notice:  Undefined variable: ItemS in /home/ubuntu/workspace/ViewSC.php on line 167
[09-Jul-2018 09:05:03 America/Los_Angeles] PHP Notice:  Undefined variable: ItemS in /home/ubuntu/workspace/ViewSC.php on line 167
[09-Jul-2018 09:05:03 America/Los_Angeles] PHP Notice:  Undefined variable: ItemS in /home/ubuntu/workspace/ViewSC.php on line 167
[09-Jul-2018 09:05:03 America/Los_Angeles] PHP Notice:  Undefined variable: ItemS in /home/ubuntu/workspace/ViewSC.php on line 167
[09-Jul-2018 09:05:03 America/Los_Angeles] PHP Notice:  Undefined variable: ItemS in /home/ubuntu/workspace/ViewSC.php on line 167
[09-Jul-2018 09:05:03 America/Los_Angeles] PHP Notice:  Undefined variable: ItemS in /home/ubuntu/workspace/ViewSC.php on line 167
[09-Jul-2018 09:05:03 America/Los_Angeles] PHP Notice:  Undefined variable: ItemS in /home/ubuntu/workspace/ViewSC.php on line 167
[09-Jul-2018 09:05:03 America/Los_Angeles] PHP Notice:  Undefined variable: ItemS in /home/ubuntu/workspace/ViewSC.php on line 167
[09-Jul-2018 09:05:03 America/Los_Angeles] PHP Notice:  Undefined variable: ItemS in /home/ubuntu/workspace/ViewSC.php on line 167
[09-Jul-2018 09:05:03 America/Los_Angeles] PHP Notice:  Undefined variable: ItemS in /home/ubuntu/workspace/ViewSC.php on line 167
[09-Jul-2018 09:05:03 America/Los_Angeles] PHP Notice:  Undefined variable: ItemS in /home/ubuntu/workspace/ViewSC.php on line 167
[09-Jul-2018 09:05:03 America/Los_Angeles] PHP Notice:  Undefined variable: ItemS in /home/ubuntu/workspace/ViewSC.php on line 167
[09-Jul-2018 09:05:03 America/Los_Angeles] PHP Notice:  Undefined variable: ItemS in /home/ubuntu/workspace/ViewSC.php on line 167
[09-Jul-2018 09:05:03 America/Los_Angeles] PHP Notice:  Undefined variable: ItemS in /home/ubuntu/workspace/ViewSC.php on line 167
[09-Jul-2018 09:05:03 America/Los_Angeles] PHP Notice:  Undefined variable: ItemS in /home/ubuntu/workspace/ViewSC.php on line 167
[09-Jul-2018 09:05:03 America/Los_Angeles] PHP Notice:  Undefined variable: ItemS in /home/ubuntu/workspace/ViewSC.php on line 167
[09-Jul-2018 09:05:03 America/Los_Angeles] PHP Notice:  Undefined variable: ItemS in /home/ubuntu/workspace/ViewSC.php on line 167
[09-Jul-2018 09:05:03 America/Los_Angeles] PHP Notice:  Undefined variable: ItemS in /home/ubuntu/workspace/ViewSC.php on line 167
[09-Jul-2018 09:05:03 America/Los_Angeles] PHP Notice:  Undefined variable: ItemS in /home/ubuntu/workspace/ViewSC.php on line 167
[09-Jul-2018 09:05:03 America/Los_Angeles] PHP Notice:  Undefined variable: ItemS in /home/ubuntu/workspace/ViewSC.php on line 167
[09-Jul-2018 09:05:03 America/Los_Angeles] PHP Notice:  Undefined variable: ItemS in /home/ubuntu/workspace/ViewSC.php on line 167
[09-Jul-2018 09:05:03 America/Los_Angeles] PHP Notice:  Undefined variable: ItemS in /home/ubuntu/workspace/ViewSC.php on line 167
[09-Jul-2018 09:05:03 America/Los_Angeles] PHP Notice:  Undefined variable: ItemS in /home/ubuntu/workspace/ViewSC.php on line 167
[09-Jul-2018 09:05:03 America/Los_Angeles] PHP Notice:  Undefined variable: ItemS in /home/ubuntu/workspace/ViewSC.php on line 167
[09-Jul-2018 09:05:03 America/Los_Angeles] PHP Notice:  Undefined variable: ItemS in /home/ubuntu/workspace/ViewSC.php on line 167
[09-Jul-2018 09:05:03 America/Los_Angeles] PHP Notice:  Undefined variable: ItemS in /home/ubuntu/workspace/ViewSC.php on line 167
[09-Jul-2018 09:05:03 America/Los_Angeles] PHP Notice:  Undefined variable: ItemS in /home/ubuntu/workspace/ViewSC.php on line 167
[09-Jul-2018 09:05:03 America/Los_Angeles] PHP Notice:  Undefined variable: ItemS in /home/ubuntu/workspace/ViewSC.php on line 167
[09-Jul-2018 09:05:03 America/Los_Angeles] PHP Notice:  Undefined variable: ItemS in /home/ubuntu/workspace/ViewSC.php on line 167
[09-Jul-2018 09:05:03 America/Los_Angeles] PHP Notice:  Undefined variable: ItemS in /home/ubuntu/workspace/ViewSC.php on line 167
[09-Jul-2018 09:05:03 America/Los_Angeles] PHP Notice:  Undefined variable: ItemS in /home/ubuntu/workspace/ViewSC.php on line 167
[09-Jul-2018 09:05:03 America/Los_Angeles] PHP Notice:  Undefined variable: ItemS in /home/ubuntu/workspace/ViewSC.php on line 167
[09-Jul-2018 09:05:03 America/Los_Angeles] PHP Notice:  Undefined variable: ItemS in /home/ubuntu/workspace/ViewSC.php on line 167
[09-Jul-2018 09:05:03 America/Los_Angeles] PHP Notice:  Undefined variable: ItemS in /home/ubuntu/workspace/ViewSC.php on line 167
[09-Jul-2018 09:05:03 America/Los_Angeles] PHP Notice:  Undefined variable: ItemS in /home/ubuntu/workspace/ViewSC.php on line 167
[09-Jul-2018 09:05:03 America/Los_Angeles] PHP Notice:  Undefined variable: ItemS in /home/ubuntu/workspace/ViewSC.php on line 167
[09-Jul-2018 09:05:03 America/Los_Angeles] PHP Notice:  Undefined variable: ItemS in /home/ubuntu/workspace/ViewSC.php on line 167
[09-Jul-2018 09:05:03 America/Los_Angeles] PHP Notice:  Undefined variable: ItemS in /home/ubuntu/workspace/ViewSC.php on line 167
[09-Jul-2018 09:05:03 America/Los_Angeles] PHP Notice:  Undefined variable: ItemS in /home/ubuntu/workspace/ViewSC.php on line 167
[09-Jul-2018 09:05:03 America/Los_Angeles] PHP Notice:  Undefined variable: ItemS in /home/ubuntu/workspace/ViewSC.php on line 167
[09-Jul-2018 09:05:03 America/Los_Angeles] PHP Notice:  Undefined variable: ItemS in /home/ubuntu/workspace/ViewSC.php on line 167
[09-Jul-2018 09:05:03 America/Los_Angeles] PHP Notice:  Undefined variable: ItemS in /home/ubuntu/workspace/ViewSC.php on line 167
[09-Jul-2018 09:05:03 America/Los_Angeles] PHP Notice:  Undefined variable: ItemS in /home/ubuntu/workspace/ViewSC.php on line 167
[09-Jul-2018 09:05:03 America/Los_Angeles] PHP Notice:  Undefined variable: ItemS in /home/ubuntu/workspace/ViewSC.php on line 167
[09-Jul-2018 09:05:03 America/Los_Angeles] PHP Notice:  Undefined variable: ItemS in /home/ubuntu/workspace/ViewSC.php on line 167
[09-Jul-2018 09:05:03 America/Los_Angeles] PHP Notice:  Undefined variable: ItemS in /home/ubuntu/workspace/ViewSC.php on line 167
[09-Jul-2018 09:05:03 America/Los_Angeles] PHP Notice:  Undefined variable: RequirementS in /home/ubuntu/workspace/ViewSC.php on line 174
[09-Jul-2018 09:05:03 America/Los_Angeles] PHP Notice:  Undefined variable: DesignCodeS in /home/ubuntu/workspace/ViewSC.php on line 175
[09-Jul-2018 09:05:03 America/Los_Angeles] PHP Notice:  Undefined variable: DesignSpecS in /home/ubuntu/workspace/ViewSC.php on line 176
[09-Jul-2018 09:05:03 America/Los_Angeles] PHP Notice:  Undefined variable: ContractNoS in /home/ubuntu/workspace/ViewSC.php on line 180
[09-Jul-2018 09:05:03 America/Los_Angeles] PHP Notice:  Undefined variable: ControlNoS in /home/ubuntu/workspace/ViewSC.php on line 194
[09-Jul-2018 09:05:03 America/Los_Angeles] PHP Notice:  Undefined variable: ElementGroupS in /home/ubuntu/workspace/ViewSC.php on line 208
[09-Jul-2018 09:05:03 America/Los_Angeles] PHP Notice:  Undefined variable: CertElementS in /home/ubuntu/workspace/ViewSC.php on line 222
[09-Jul-2018 09:05:39 America/Los_Angeles] PHP Notice:  Undefined index: DesignCode in /home/ubuntu/workspace/ViewSC.php on line 23
[09-Jul-2018 09:05:39 America/Los_Angeles] PHP Notice:  Undefined index: DesignSpec in /home/ubuntu/workspace/ViewSC.php on line 24
[09-Jul-2018 09:05:39 America/Los_Angeles] PHP Notice:  Undefined index: ContractNo in /home/ubuntu/workspace/ViewSC.php on line 25
[09-Jul-2018 09:05:39 America/Los_Angeles] PHP Notice:  Undefined index: ControlNo in /home/ubuntu/workspace/ViewSC.php on line 26
[09-Jul-2018 09:05:39 America/Los_Angeles] PHP Notice:  Undefined index: ElementGroup in /home/ubuntu/workspace/ViewSC.php on line 27
[09-Jul-2018 09:05:39 America/Los_Angeles] PHP Notice:  Undefined index: CertElement in /home/ubuntu/workspace/ViewSC.php on line 28
[09-Jul-2018 09:06:41 America/Los_Angeles] PHP Notice:  Undefined index: DesignSpec in /home/ubuntu/workspace/ViewSC.php on line 24
[09-Jul-2018 09:06:41 America/Los_Angeles] PHP Notice:  Undefined index: ContractNo in /home/ubuntu/workspace/ViewSC.php on line 25
[09-Jul-2018 09:06:41 America/Los_Angeles] PHP Notice:  Undefined index: ControlNo in /home/ubuntu/workspace/ViewSC.php on line 26
[09-Jul-2018 09:06:41 America/Los_Angeles] PHP Notice:  Undefined index: ElementGroup in /home/ubuntu/workspace/ViewSC.php on line 27
[09-Jul-2018 09:06:41 America/Los_Angeles] PHP Notice:  Undefined index: CertElement in /home/ubuntu/workspace/ViewSC.php on line 28
[09-Jul-2018 09:07:13 America/Los_Angeles] PHP Notice:  Undefined index: ContractNo in /home/ubuntu/workspace/ViewSC.php on line 25
[09-Jul-2018 09:07:13 America/Los_Angeles] PHP Notice:  Undefined index: ControlNo in /home/ubuntu/workspace/ViewSC.php on line 26
[09-Jul-2018 09:07:13 America/Los_Angeles] PHP Notice:  Undefined index: ElementGroup in /home/ubuntu/workspace/ViewSC.php on line 27
[09-Jul-2018 09:07:13 America/Los_Angeles] PHP Notice:  Undefined index: CertElement in /home/ubuntu/workspace/ViewSC.php on line 28
[09-Jul-2018 09:07:22 America/Los_Angeles] PHP Notice:  Undefined index: ControlNo in /home/ubuntu/workspace/ViewSC.php on line 26
[09-Jul-2018 09:07:22 America/Los_Angeles] PHP Notice:  Undefined index: ElementGroup in /home/ubuntu/workspace/ViewSC.php on line 27
[09-Jul-2018 09:07:22 America/Los_Angeles] PHP Notice:  Undefined index: CertElement in /home/ubuntu/workspace/ViewSC.php on line 28
[09-Jul-2018 09:07:30 America/Los_Angeles] PHP Notice:  Undefined index: ElementGroup in /home/ubuntu/workspace/ViewSC.php on line 27
[09-Jul-2018 09:07:30 America/Los_Angeles] PHP Notice:  Undefined index: CertElement in /home/ubuntu/workspace/ViewSC.php on line 28
[09-Jul-2018 09:07:38 America/Los_Angeles] PHP Notice:  Undefined index: CertElement in /home/ubuntu/workspace/ViewSC.php on line 28
